
COORDINATES ARE EAST,NORTH,UP.
stress tensors are:
X Y See Sen Seu Snn Snu Suu
  0   0  0.828070 -0.552563 -0.210651  0.028393  0.090569 -0.856463
  0   1  0.828070 -0.552563 -0.210651  0.028393  0.090569 -0.856463


dip direction, dip, rake, fit angle, mag tau, X, Y
  104.0     42.0   -100.0      0.7    0.94    0    0
  312.0     36.0    -45.0     29.9    0.99    0    0
  242.0     68.0   -174.0     15.6    0.71    0    0
  199.0     42.0   -109.0     11.1    0.31    0    0
  237.0     62.0   -126.0     26.4    0.69    0    0
  119.0     15.0      1.0     93.0    0.29    0    0
  209.0     43.0   -119.0      4.2    0.36    0    0
  107.0     45.0    -99.0      0.3    0.97    0    0
   71.0     66.0   -129.0      4.9    0.81    0    0
  316.0     33.0    -77.0      5.2    0.97    0    0
   13.0     31.0    -37.0      4.8    0.48    0    0
   62.0     79.0   -129.0     22.0    0.68    0    0
  193.0     30.0    -85.0     12.2    0.28    0    0
  301.0     38.0   -107.0     21.7    1.01    0    0
  253.0     59.0    169.0     47.8    0.83    0    0
  302.0     44.0    -74.0      9.8    0.99    0    0
   96.0     46.0    -97.0     10.3    0.95    0    0
  312.0     40.0    -49.0     25.0    1.00    0    0
    6.0     36.0    -84.0     42.7    0.59    0    0
  305.0     24.0    -61.0     21.3    0.88    0    0
  113.0     50.0   -105.0     10.8    1.01    0    0
  260.0     87.0    167.0      3.2    0.67    0    0
   90.0     62.0   -135.0     16.4    0.93    0    0
  272.0     74.0    133.0     74.6    0.59    0    0
  348.0     33.0    -84.0     36.1    0.78    0    0
   80.0     28.0   -149.0     37.6    0.54    0    0
  267.0     78.0   -160.0      6.6    0.62    0    0
  231.0     40.0   -115.0     23.5    0.64    0    0
   59.0     27.0    -72.0     37.3    0.34    0    0
  271.0     54.0   -146.0     22.8    0.89    0    0
  297.0     30.0   -160.0     70.7    0.97    0    0
  221.0     55.0   -120.0     22.5    0.49    0    0
   89.0     43.0   -100.0     11.2    0.88    0    0
   74.0     69.0   -178.0     42.7    0.82    0    0
   35.0     45.0    120.0    154.9    0.32    0    0
   76.0     49.0   -152.0     31.4    0.82    0    0
   26.0     23.0    -50.0      6.5    0.30    0    0
  261.0     28.0   -112.0      7.6    0.84    0    0
  264.0     52.0   -153.0     24.7    0.90    0    0
  343.0     43.0    175.0    137.8    0.87    0    0
  253.0     40.0    -84.0     45.3    0.87    0    0
  275.0     89.0   -147.0     54.4    0.51    0    0
  293.0     39.0    -71.0     22.5    1.01    0    0
  273.0     76.0   -162.0      5.1    0.56    0    0
  219.0     90.0   -129.0     63.7    0.28    0    0
   89.0     53.0   -140.0     25.3    0.94    0    0
   69.0     51.0   -177.0     52.8    0.76    0    0
  324.0     16.0   -116.0     49.3    0.67    0    0
  355.0     34.0    -94.0     49.7    0.71    0    0
  278.0     74.0    144.0     71.0    0.51    0    0
   60.0     44.0   -117.0      4.1    0.58    0    0
  256.0     85.0   -168.0     17.0    0.69    0    0
  339.0     34.0    -40.0     13.2    0.86    0    0
   87.0     69.0   -133.0      6.5    0.87    0    0
  111.0     38.0   -102.0      6.8    0.90    0    0
   50.0     79.0   -130.0     20.7    0.51    0    0
  279.0     50.0   -113.0      1.3    0.93    0    0
   80.0     57.0   -155.0     32.3    0.89    0    0
   55.0     48.0   -129.0      6.9    0.54    0    0
  269.0     80.0   -156.0     15.3    0.58    0    0
  265.0     78.0   -113.0     54.6    0.64    0    0
  159.0     25.0    -78.0      6.3    0.44    0    0
   84.0     32.0    -79.0     32.0    0.66    0    0
  261.0     33.0   -133.0     12.1    0.89    0    0
  254.0     47.0   -123.0      9.5    0.88    0    0
   73.0     76.0   -151.0      7.4    0.78    0    0
  113.0     41.0    -94.0      0.2    0.94    0    0
  157.0     39.0   -129.0     63.6    0.72    0    0
  227.0     68.0   -136.0     21.8    0.52    0    0
  224.0     28.0    -96.0     41.0    0.50    0    0
   31.0     43.0    -81.0      9.7    0.32    0    0
   89.0     40.0   -129.0     18.6    0.84    0    0
  292.0     43.0    -59.0     35.9    1.00    0    0
   81.0     58.0   -118.0      4.7    0.90    0    0
  215.0     49.0   -117.0     16.4    0.42    0    0
  203.0     32.0     72.0    170.3    0.31    0    0
  274.0     41.0    -76.0     36.9    0.98    0    0
   76.0     43.0   -106.0     12.0    0.76    0    0
  273.0     26.0    -64.0     45.8    0.87    0    0
  337.0     42.0    -92.0     40.4    0.91    0    0
  322.0     32.0    -50.0     16.8    0.94    0    0
  140.0     35.0   -136.0     60.6    0.78    0    0
  263.0     29.0    -93.0     25.3    0.86    0    0
  269.0     52.0   -131.0      7.3    0.91    0    0
   98.0     53.0   -111.0      3.2    0.98    0    0
  173.0     36.0   -151.0     86.0    0.50    0    0
  260.0     67.0   -156.0      7.2    0.76    0    0
  109.0     24.0    -57.0     39.2    0.57    0    0
  142.0     54.0    -48.0     20.0    0.95    0    0
  301.0     41.0    -99.0     13.8    1.01    0    0
   48.0     15.0    -74.0     20.8    0.14    0    0
  251.0     58.0   -156.0     12.7    0.82    0    0
  130.0     30.0    -77.0      5.7    0.72    0    0
  167.0     56.0   -139.0     86.5    0.75    0    0
  303.0     68.0   -107.0     32.7    0.54    0    0
  348.0     36.0    -90.0     42.9    0.80    0    0
  188.0     22.0   -149.0     46.6    0.22    0    0
    5.0     11.0    177.0    147.7    0.37    0    0
  246.0     21.0   -150.0     21.5    0.64    0    0
  260.0     67.0   -156.0      7.2    0.76    0    0
  281.0     28.0   -112.0      8.6    0.92    0    0
  144.0     37.0   -152.0     79.5    0.79    0    0
  339.0     26.0   -102.0     47.1    0.77    0    0
  137.0     50.0    -55.0     18.4    0.97    0    0
  283.0     57.0   -122.0     11.2    0.82    0    0
  321.0     45.0   -174.0    110.4    0.97    0    0
  263.0     66.0   -131.0     13.9    0.76    0    0
  280.0     28.0   -126.0     21.8    0.92    0    0
  277.0     73.0   -138.0      5.7    0.54    0    0
  246.0     54.0   -131.0     11.2    0.81    0    0
  107.0     68.0   -111.0      7.0    0.86    0    0
  249.0     40.0   -116.0     15.8    0.84    0    0
  336.0     36.0    -80.0     25.3    0.90    0    0
  205.0     75.0    126.0    139.2    0.15    0    0
  282.0     41.0    -86.0     19.1    0.99    0    0
  227.0     59.0   -120.0     28.8    0.56    0    0
  262.0     55.0   -121.0     11.6    0.88    0    0
  271.0     33.0   -140.0     27.1    0.94    0    0
  174.0     50.0   -104.0     48.1    0.62    0    0
  282.0     46.0   -142.0     35.4    0.97    0    0
   83.0     52.0   -120.0      1.7    0.90    0    0
  300.0     39.0    -61.0     25.3    1.01    0    0
  250.0     34.0   -109.0     19.8    0.82    0    0
   67.0     13.0    103.0    172.3    0.11    0    0
  283.0     27.0   -121.0     19.5    0.91    0    0
  113.0     46.0    -95.0      1.0    0.99    0    0
  229.0     52.0   -111.0     33.2    0.62    0    0
   29.0     69.0    177.0    103.0    0.22    0    0
  155.0     47.0   -135.0     72.3    0.83    0    0
  268.0     27.0   -133.0     19.0    0.86    0    0
   53.0     52.0   -120.0      3.9    0.54    0    0
  104.0     43.0    -93.0      7.8    0.95    0    0
   89.0     87.0    128.0     79.8    0.63    0    0
  273.0     56.0   -126.0      3.3    0.86    0    0
  245.0     38.0   -170.0     36.9    0.79    0    0
   65.0     51.0   -116.0      9.1    0.71    0    0
  263.0     58.0   -178.0     43.3    0.85    0    0
  221.0     39.0   -134.0      2.8    0.51    0    0
  219.0     80.0    148.0     42.0    0.32    0    0
  303.0     37.0    -65.0     18.4    1.01    0    0
   80.0     60.0   -134.0      9.4    0.89    0    0
  259.0     35.0   -156.0     32.9    0.89    0    0
  216.0     44.0   -140.0      6.2    0.44    0    0
   10.0     88.0   -170.0    174.0    0.39    0    0
  268.0     57.0   -168.0     39.1    0.86    0    0
  281.0     59.0   -128.0     12.9    0.79    0    0
  109.0     48.0   -123.0     25.6    1.00    0    0
  289.0     37.0    -94.0      3.3    1.00    0    0
  292.0     40.0    -71.0     23.6    1.01    0    0
  225.0     75.0   -175.0      8.9    0.45    0    0
   93.0     38.0    -96.0     11.5    0.83    0    0
  174.0     40.0   -180.0    117.4    0.54    0    0
  138.0     45.0   -110.0     35.8    0.93    0    0
  257.0     36.0   -112.0     12.9    0.88    0    0
  298.0     43.0    -89.0      0.7    1.00    0    0
    8.0     70.0    100.0    122.4    0.51    0    0
  259.0     33.0   -101.0     21.4    0.87    0    0
  313.0     24.0    -85.0      9.6    0.86    0    0
  270.0     54.0   -147.0     22.8    0.89    0    0
  136.0     53.0   -107.0     33.7    0.98    0    0
  318.0     57.0    180.0    120.6    0.85    0    0
   54.0     87.0   -125.0     38.2    0.56    0    0
  267.0     70.0   -139.0      9.3    0.69    0    0
   31.0     55.0   -124.0     44.2    0.30    0    0
   17.0     21.0    -99.0     60.7    0.38    0    0
   10.0     64.0   -139.0    109.4    0.51    0    0
   42.0     87.0   -137.0     24.5    0.35    0    0
   69.0     86.0   -131.0     28.6    0.71    0    0
  267.0     30.0    -95.0     20.4    0.89    0    0
   74.0     64.0   -125.0      5.9    0.84    0    0
   16.0     37.0    -80.0     36.3    0.47    0    0
   49.0     72.0   -175.0     34.1    0.50    0    0
  262.0     48.0   -114.0     13.2    0.92    0    0
  105.0      9.0    -42.0     56.0    0.08    0    0
   59.0     88.0   -129.0     35.5    0.63    0    0
  239.0     58.0   -172.0     23.8    0.73    0    0
  288.0     44.0    -76.0     23.5    0.99    0    0
  274.0     33.0   -107.0      3.4    0.95    0    0
   99.0     55.0   -102.0      5.6    0.98    0    0
  272.0     33.0    -87.0     25.1    0.94    0    0
   84.0     74.0   -140.0      5.7    0.81    0    0
  294.0     40.0   -103.0     10.5    1.01    0    0
  269.0     90.0   -145.0     55.3    0.60    0    0
  258.0     57.0   -138.0      0.3    0.85    0    0
  264.0     61.0   -135.0      2.2    0.82    0    0
   47.0     11.0     85.0    110.0    0.14    0    0
  272.0     66.0   -156.0     20.1    0.71    0    0
  357.0     55.0    146.0    179.8    0.73    0    0
  126.0     73.0   -123.0     47.3    0.75    0    0
   64.0     72.0   -131.0     11.1    0.72    0    0
  274.0     37.0    -96.0     15.5    0.97    0    0
   72.0     88.0   -158.0      4.2    0.71    0    0
   90.0     57.0   -143.0     27.2    0.95    0    0
  108.0     39.0    -95.0      2.4    0.91    0    0
  278.0     53.0   -130.0     15.4    0.90    0    0
  248.0     68.0    147.0     56.4    0.75    0    0
  284.0     41.0   -113.0     10.0    1.00    0    0
  259.0     67.0   -160.0     10.5    0.77    0    0
  273.0     50.0   -124.0      5.8    0.93    0    0
  207.0     19.0    -96.0     41.6    0.29    0    0
  195.0     38.0   -138.0     46.7    0.31    0    0
  223.0     41.0   -123.0     15.0    0.54    0    0
  259.0     89.0   -141.0     52.9    0.68    0    0
  216.0     66.0    111.0    104.6    0.35    0    0
   66.0     29.0    -97.0     16.7    0.44    0    0
  116.0     34.0    -91.0      0.6    0.83    0    0
   77.0     83.0   -170.0     18.2    0.74    0    0
   72.0     76.0   -151.0      7.0    0.77    0    0
  271.0     53.0   -109.0     13.4    0.90    0    0
  255.0     48.0   -107.0     25.5    0.89    0    0
  248.0     35.0   -120.0     10.3    0.80    0    0
  272.0     31.0    -91.0     20.6    0.93    0    0
  237.0     85.0    145.0     30.9    0.61    0    0
  172.0     60.0    120.0    168.4    0.69    0    0
  286.0     41.0    -84.0     17.0    1.00    0    0
  290.0     43.0   -124.0     26.9    0.99    0    0
  325.0     34.0   -150.0     86.2    0.94    0    0
  239.0     85.0   -152.0     32.2    0.63    0    0
  225.0     81.0    128.0     56.3    0.43    0    0
  337.0     35.0    -69.0     14.7    0.88    0    0
  184.0     10.0   -133.0     19.1    0.14    0    0
  126.0     43.0    -55.0     28.6    0.95    0    0
  298.0     21.0     19.0    107.2    0.83    0    0
   92.0     18.0    -51.0     52.9    0.34    0    0
  295.0     48.0   -126.0     34.1    0.95    0    0
  266.0     53.0   -114.0     13.3    0.90    0    0
  270.0     60.0   -129.0      1.0    0.81    0    0
   65.0     88.0   -124.0     39.7    0.68    0    0
  161.0     44.0   -141.0     79.4    0.74    0    0
  302.0     25.0    -77.0      7.8    0.90    0    0
  109.0     43.0   -107.0     10.0    0.96    0    0
  304.0     52.0   -120.0     39.9    0.90    0    0
   79.0     50.0   -133.0     13.4    0.86    0    0
   94.0     43.0   -123.0     15.0    0.91    0    0
   74.0     89.0   -178.0     14.5    0.71    0    0
  308.0     44.0    -75.0      2.2    0.99    0    0
  322.0     39.0    -81.0     16.1    0.98    0    0
   21.0     60.0   -126.0     78.2    0.36    0    0
  234.0     44.0   -123.0     16.7    0.69    0    0
  220.0     79.0   -142.0     27.1    0.34    0    0
   91.0     57.0   -124.0      8.9    0.95    0    0
  272.0     55.0   -161.0     38.1    0.88    0    0
  282.0     46.0    -92.0     14.6    0.97    0    0
   59.0     42.0    -99.0     20.7    0.55    0    0
  100.0     40.0   -115.0     11.7    0.90    0    0
  278.0     32.0   -108.0      1.3    0.96    0    0
   91.0     62.0   -114.0      3.8    0.93    0    0
  253.0     31.0    175.0     59.0    0.81    0    0
  359.0     22.0   -114.0     70.7    0.56    0    0
  291.0     39.0    -80.0     15.5    1.01    0    0
  122.0     44.0    -68.0     18.7    0.97    0    0
  266.0     41.0   -102.0     18.0    0.95    0    0
  285.0     44.0    -69.0     33.7    0.99    0    0
  295.0     38.0   -125.0     33.6    1.01    0    0
   16.0     79.0    111.0    128.9    0.31    0    0
  153.0     47.0   -161.0     97.2    0.85    0    0
  319.0     24.0    -50.0     20.5    0.85    0    0
  219.0     77.0    134.0     61.6    0.33    0    0
   15.0     40.0    -86.0     42.8    0.48    0    0
  259.0     89.0   -174.0     19.9    0.68    0    0
  243.0     78.0   -162.0     10.8    0.68    0    0
  115.0     42.0   -119.0     26.7    0.95    0    0
  225.0     51.0   -151.0      8.4    0.56    0    0
  272.0     60.0   -128.0      0.2    0.81    0    0
  260.0     48.0   -125.0      3.8    0.91    0    0
  254.0     69.0   -153.0      2.5    0.76    0    0
   21.0     47.0   -144.0     94.3    0.40    0    0
  239.0     46.0   -115.0     24.5    0.75    0    0
  272.0     35.0    -88.0     24.7    0.96    0    0
  187.0     82.0    117.0    139.4    0.44    0    0
  264.0     39.0    -54.0     66.8    0.94    0    0
   44.0     89.0   -145.0     21.0    0.39    0    0
   20.0     46.0    124.0    172.1    0.42    0    0
  262.0     42.0    -97.0     26.7    0.93    0    0
  281.0     44.0    -91.0     16.0    0.98    0    0
  309.0     29.0    -98.0     19.5    0.95    0    0
  217.0     18.0    177.0     42.4    0.37    0    0
   87.0     52.0   -179.0     63.3    0.93    0    0
   80.0     69.0   -114.0     17.8    0.85    0    0
  313.0     17.0    -28.0     47.6    0.72    0    0
  275.0     18.0   -119.0     11.9    0.73    0    0
   82.0     89.0   -132.0     28.8    0.68    0    0
  233.0     84.0    119.0     58.8    0.55    0    0
  248.0     86.0    152.0     21.6    0.69    0    0
  132.0     51.0    -57.0     20.3    0.99    0    0
  297.0     27.0   -117.0     27.8    0.93    0    0
   33.0     73.0   -131.0     22.5    0.22    0    0
  228.0     24.0    -11.0    125.8    0.52    0    0
  271.0     49.0   -141.0     21.4    0.94    0    0
  132.0      5.0    120.0     10.6    0.07    0    0
   79.0     58.0    171.0     65.1    0.88    0    0
  284.0     46.0   -125.0     20.6    0.97    0    0
   97.0     22.0   -133.0     30.4    0.48    0    0
   90.0     76.0   -171.0     39.5    0.78    0    0
  315.0     35.0    -63.0      9.3    0.98    0    0
  122.0     53.0   -108.0     22.1    1.01    0    0
  120.0     45.0   -110.0     21.8    0.98    0    0
  233.0     35.0   -115.0     21.6    0.65    0    0
   84.0     59.0   -141.0     19.7    0.92    0    0
  275.0     46.0    -86.0     28.0    0.96    0    0
  230.0     41.0   -118.0     20.9    0.63    0    0
  125.0     23.0     62.0    148.8    0.54    0    0
  276.0     65.0   -133.0      3.9    0.70    0    0
   30.0     31.0   -122.0     64.0    0.30    0    0
   93.0     46.0   -128.0     18.5    0.93    0    0
   92.0     65.0   -157.0     38.1    0.91    0    0
  272.0     56.0   -136.0     12.2    0.86    0    0
  324.0     27.0    -90.0     24.0    0.87    0    0
  325.0     13.0     18.0     83.7    0.59    0    0
  274.0     46.0   -143.0     28.0    0.96    0    0
  293.0     42.0   -160.0     66.3    1.00    0    0
  281.0     59.0   -137.0     21.9    0.79    0    0
  297.0     25.0    -69.0     20.2    0.90    0    0
  315.0     31.0    -98.0     25.0    0.95    0    0
  272.0     28.0   -103.0      8.0    0.89    0    0
   79.0     46.0   -128.0     10.1    0.83    0    0
  303.0     41.0    -63.0     20.1    1.01    0    0
  103.0     45.0    -94.0      7.9    0.96    0    0
  105.0     47.0   -124.0     23.4    0.98    0    0
   16.0     50.0   -143.0    100.3    0.47    0    0
   77.0     77.0   -167.0     24.2    0.78    0    0
  123.0     43.0   -119.0     33.0    0.96    0    0
  138.0     18.0    -68.0     14.1    0.36    0    0
   53.0     86.0    163.0     35.3    0.55    0    0
  312.0     39.0    -75.0      0.7    1.00    0    0
  131.0     59.0   -144.0     68.2    0.97    0    0
  316.0     36.0    -63.0      8.2    0.98    0    0
  229.0     40.0   -129.0      9.6    0.62    0    0
  303.0     88.0   -168.0    144.0    0.21    0    0
  314.0     43.0    -54.0     17.2    0.99    0    0
  305.0     35.0    -63.0     18.6    1.00    0    0
  313.0     40.0   -103.0     29.9    1.00    0    0
  266.0     57.0   -128.0      2.9    0.86    0    0
  344.0     21.0    -80.0     28.1    0.66    0    0
  229.0     71.0    180.0     17.9    0.54    0    0
   76.0     86.0    179.0     23.6    0.72    0    0
  163.0     50.0   -120.0     62.3    0.77    0    0
  221.0     90.0    126.0     41.7    0.33    0    0
  210.0     47.0   -129.0      4.5    0.36    0    0
  226.0     17.0    151.0     70.0    0.43    0    0
  255.0     65.0   -124.0     25.1    0.79    0    0
  144.0     19.0    146.0    134.7    0.37    0    0
  256.0     57.0   -137.0      2.1    0.85    0    0
  215.0     51.0   -126.0      7.9    0.41    0    0
  100.0     50.0   -119.0     13.7    0.98    0    0
  221.0     76.0    148.0     47.2    0.38    0    0
  262.0     31.0   -103.0     16.6    0.88    0    0
  317.0     31.0   -112.0     40.7    0.95    0    0
   85.0     49.0   -127.0     11.2    0.90    0    0
  221.0     88.0    141.0     31.0    0.33    0    0
  300.0     40.0    -87.0      0.7    1.01    0    0
  112.0     50.0   -109.0     14.0    1.01    0    0
  163.0     57.0   -106.0     52.8    0.80    0    0
  112.0     46.0   -105.0     10.2    0.99    0    0
   38.0     89.0   -134.0     30.5    0.26    0    0
  190.0      5.0   -147.0     29.8    0.19    0    0
  281.0     47.0   -101.0      7.1    0.96    0    0
   67.0     51.0   -132.0      7.3    0.73    0    0
   40.0     51.0   -146.0     40.7    0.35    0    0
   27.0     42.0    164.0    135.8    0.34    0    0
  305.0     29.0   -108.0     25.9    0.95    0    0
   76.0     74.0   -137.0      2.6    0.80    0    0
  359.0      6.0   -119.0     84.1    0.33    0    0
   54.0     56.0   -132.0      4.6    0.57    0    0
  284.0     45.0    -92.0     12.1    0.98    0    0
  286.0     58.0   -161.0     54.0    0.80    0    0
  240.0     87.0   -167.0     20.6    0.64    0    0
  315.0     39.0   -101.0     29.6    0.99    0    0
  229.0     62.0   -161.0      9.0    0.58    0    0
   73.0     74.0   -140.0      1.2    0.79    0    0
  293.0     44.0    -67.0     26.9    0.99    0    0
  260.0     67.0   -143.0      5.8    0.76    0    0
   72.0     69.0   -125.0     11.3    0.81    0    0
   67.0     27.0     96.0    151.4    0.41    0    0
  269.0     87.0    144.0     24.0    0.58    0    0
  245.0     46.0   -107.0     30.1    0.81    0    0
  340.0     35.0    -93.0     40.8    0.86    0    0
  347.0     29.0    -64.0     14.7    0.75    0    0
  269.0     57.0   -135.0      7.1    0.86    0    0
  264.0     62.0   -122.0     16.4    0.81    0    0
   73.0     81.0   -129.0     21.5    0.75    0    0
   78.0     56.0   -144.0     20.7    0.87    0    0
  262.0     31.0    -39.0     80.6    0.88    0    0
  270.0     55.0   -157.0     32.0    0.88    0    0
  324.0     44.0    -56.0      5.2    0.97    0    0
  244.0     79.0    139.0     46.6    0.68    0    0
  303.0     43.0   -122.0     39.2    1.00    0    0
  241.0     39.0   -115.0     20.4    0.76    0    0
  307.0     44.0    -83.0      4.7    0.99    0    0
  103.0     38.0    -73.0     27.9    0.88    0    0
  102.0     51.0    -48.0     55.9    0.99    0    0
  298.0     27.0    -35.0     53.3    0.93    0    0
  252.0     46.0   -103.0     30.2    0.87    0    0
  262.0     52.0   -124.0      6.0    0.90    0    0
  233.0     45.0   -126.0     14.3    0.68    0    0
  290.0     39.0   -109.0     12.4    1.01    0    0
  243.0     52.0    175.0     43.1    0.79    0    0
  108.0     32.0    -85.0     12.0    0.77    0    0
   85.0     51.0   -111.0      5.6    0.91    0    0
  261.0     83.0   -149.0     31.6    0.66    0    0
  248.0     87.0   -166.0     22.2    0.69    0    0
   93.0     42.0    -91.0     17.4    0.89    0    0
   69.0     48.0   -152.0     29.4    0.74    0    0
  116.0     45.0    -84.0      7.5    0.98    0    0
  276.0     38.0    -77.0     33.0    0.98    0    0
  223.0     44.0   -115.0     23.8    0.54    0    0
  338.0     20.0    -11.0     45.1    0.69    0    0
  300.0     28.0    -75.0     11.6    0.94    0    0
   81.0     52.0   -133.0     13.5    0.89    0    0
  271.0     69.0   -154.0     11.7    0.67    0    0
  295.0     50.0   -126.0     34.0    0.93    0    0
  288.0     57.0   -125.0     21.5    0.81    0    0
   34.0     83.0   -110.0     29.2    0.18    0    0
  268.0     38.0   -115.0      2.1    0.95    0    0
   21.0      6.0     -4.0     12.8    0.25    0    0
  326.0     31.0    -67.0      3.3    0.91    0    0
  227.0     71.0   -133.0     28.5    0.51    0    0
   32.0     32.0    -91.0     27.6    0.29    0    0
  267.0     87.0    148.0     20.7    0.61    0    0
   74.0     76.0   -107.0     36.1    0.78    0    0
  259.0     46.0   -134.0      5.7    0.91    0    0
  265.0     33.0   -129.0     11.2    0.91    0    0
  307.0     31.0   -147.0     66.9    0.97    0    0
  134.0      4.0    169.0     45.9    0.10    0    0
  269.0     24.0   -126.0     13.4    0.82    0    0
  300.0     62.0   -140.0     56.2    0.69    0    0
  326.0     81.0    107.0    113.9    0.59    0    0
   70.0     56.0   -137.0     10.2    0.79    0    0
   87.0     72.0   -157.0     27.5    0.83    0    0
  233.0     59.0   -135.0     14.8    0.65    0    0
  286.0     45.0    -88.0     13.9    0.98    0    0
  258.0     89.0    164.0      2.4    0.69    0    0
   46.0     48.0   -106.0      8.1    0.42    0    0
   93.0     43.0    -93.0     15.7    0.90    0    0
  309.0     41.0    -57.0     19.8    1.00    0    0
  250.0     39.0   -101.0     29.7    0.84    0    0
  256.0     59.0   -144.0      2.8    0.83    0    0
  259.0     60.0   -129.0     11.2    0.83    0    0
  312.0     32.0    -43.0     32.5    0.97    0    0
  204.0     49.0   -147.0     39.3    0.31    0    0
   58.0     66.0   -162.0     25.3    0.65    0    0
   69.0     40.0   -110.0      8.9    0.65    0    0
  277.0     58.0   -136.0     16.4    0.82    0    0
  295.0     43.0    -90.0      1.6    1.00    0    0
  276.0     47.0   -135.0     21.5    0.96    0    0
  260.0     45.0   -138.0     11.1    0.92    0    0
   90.0     81.0   -133.0      6.1    0.70    0    0
   90.0     52.0   -137.0     23.4    0.95    0    0
  288.0     41.0   -125.0     26.1    1.00    0    0
   83.0     59.0   -136.0     14.0    0.91    0    0
  123.0     31.0    172.0    101.0    0.76    0    0
  277.0     43.0   -133.0     22.3    0.98    0    0
  259.0     57.0   -131.0      5.9    0.86    0    0
  252.0     37.0   -169.0     40.4    0.85    0    0
  116.0     43.0    -75.0     16.5    0.97    0    0
  252.0     86.0   -159.0     27.7    0.70    0    0
  263.0     69.0   -150.0      0.2    0.73    0    0
  279.0     77.0   -170.0     16.6    0.45    0    0
  256.0     64.0   -147.0      0.2    0.79    0    0
  258.0     57.0   -120.0     17.7    0.85    0    0
   73.0     52.0   -130.0      6.6    0.81    0    0
   77.0     60.0   -152.0     25.7    0.87    0    0
  263.0     58.0   -129.0      5.7    0.85    0    0
  248.0     24.0    168.0     64.4    0.69    0    0
   89.0     64.0   -117.0      3.8    0.91    0    0
  232.0     42.0    -85.0     54.1    0.66    0    0
  308.0     54.0   -139.0     64.9    0.88    0    0
  276.0     54.0   -148.0     30.4    0.88    0    0
  148.0     82.0   -117.0     82.1    0.70    0    0
  277.0     56.0   -158.0     40.1    0.85    0    0
  126.0     28.0    -72.0     13.5    0.68    0    0
  295.0     48.0   -127.0     35.1    0.95    0    0
  196.0     42.0    154.0    116.5    0.32    0    0
   89.0     44.0    -73.0     38.5    0.89    0    0
  284.0     56.0   -167.0     58.3    0.84    0    0
  272.0     41.0   -117.0      2.3    0.97    0    0
  295.0     55.0   -134.0     41.6    0.85    0    0
   82.0     74.0   -168.0     32.2    0.81    0    0
  110.0     78.0   -123.0     18.2    0.63    0    0
  273.0     41.0    -91.0     22.8    0.97    0    0
   19.0     75.0   -124.0     93.5    0.28    0    0
  210.0     44.0   -141.0     16.0    0.37    0    0
   74.0     63.0   -163.0     32.9    0.84    0    0
  237.0     44.0   -146.0      7.0    0.72    0    0
  305.0     11.0    -51.0     30.9    0.58    0    0
  272.0     43.0   -103.0     12.5    0.97    0    0
  244.0     62.0   -137.0     13.7    0.76    0    0
  260.0     70.0   -156.0      2.3    0.74    0    0
  224.0     70.0    158.0     43.4    0.46    0    0
   70.0     44.0    -89.0     31.4    0.71    0    0
  295.0     52.0   -131.0     38.8    0.90    0    0
  233.0     70.0   -138.0     23.6    0.60    0    0
  266.0     60.0   -131.0      3.1    0.83    0    0
  108.0     43.0    -86.0     11.8    0.96    0    0
  260.0     45.0   -162.0     35.1    0.92    0    0
  247.0     71.0   -152.0      9.3    0.73    0    0
  234.0     46.0   -124.0     16.7    0.69    0    0
   94.0     90.0    161.0     42.8    0.54    0    0
  157.0     50.0   -150.0     89.8    0.83    0    0
  203.0     75.0    121.0    161.4    0.16    0    0
  288.0     42.0    -96.0      3.1    1.00    0    0
  287.0     65.0   -142.0     31.3    0.63    0    0
  291.0     50.0   -127.0     29.9    0.93    0    0
  223.0     43.0   -124.0     14.5    0.54    0    0
  208.0     75.0   -169.0     48.0    0.16    0    0
   13.0     46.0    144.0    174.8    0.52    0    0
  167.0     42.0    -59.0      2.1    0.65    0    0
  262.0     74.0   -172.0     11.9    0.69    0    0
  267.0     62.0   -152.0     16.4    0.80    0    0
  256.0     72.0   -161.0      1.6    0.73    0    0
   74.0     82.0   -172.0     20.4    0.74    0    0
  285.0     88.0    175.0     24.8    0.32    0    0
  312.0     33.0    -92.0     16.6    0.98    0    0
  277.0     43.0    -86.0     24.7    0.98    0    0
  264.0     32.0    -90.0     28.3    0.90    0    0
  255.0     37.0   -107.0     19.7    0.87    0    0
  258.0     43.0    -94.0     33.3    0.91    0    0
  270.0     57.0   -140.0     13.1    0.85    0    0
   94.0     56.0   -104.0      8.2    0.97    0    0
  256.0     65.0    120.0     91.5    0.79    0    0
  104.0     16.0     43.0    141.6    0.31    0    0
   93.0     48.0   -119.0      8.9    0.95    0    0
   65.0     22.0     92.0    160.3    0.29    0    0
  298.0     19.0    -63.0     25.2    0.79    0    0
  190.0     33.0     77.0    163.1    0.31    0    0
  234.0     34.0   -119.0     17.1    0.65    0    0
  262.0     57.0   -137.0      2.5    0.86    0    0
  230.0     44.0   -124.0     16.0    0.64    0    0
  274.0     45.0   -142.0     27.5    0.97    0    0
  310.0     40.0   -114.0     38.0    1.00    0    0
   70.0     45.0   -172.0     51.1    0.72    0    0
   71.0     34.0    -93.0     23.0    0.58    0    0
  261.0     52.0   -127.0      3.9    0.90    0    0
   42.0     66.0   -138.0     12.1    0.38    0    0
  184.0     16.0    -51.0     64.7    0.17    0    0
  306.0     47.0    -84.0      5.2    0.97    0    0
  307.0     52.0   -124.0     47.8    0.91    0    0
  310.0     36.0    -85.0      8.2    1.00    0    0
  253.0     56.0    130.0     89.8    0.84    0    0
    7.0     47.0    101.0    139.6    0.60    0    0
   84.0     42.0   -128.0     14.1    0.83    0    0
  270.0     54.0   -161.0     36.8    0.89    0    0
  172.0     56.0   -123.0     71.4    0.68    0    0
  263.0     73.0   -169.0     11.6    0.69    0    0
  292.0     43.0    -72.0     22.9    1.00    0    0
  285.0     43.0    -82.0     20.5    0.99    0    0
  211.0     37.0   -147.0     18.7    0.38    0    0
  106.0     18.0    132.0    130.2    0.38    0    0
  268.0     81.0   -161.0     13.5    0.59    0    0
  225.0     19.0    143.0     78.4    0.44    0    0
  182.0     11.0   -157.0     13.6    0.14    0    0
  319.0     42.0    -66.0      0.7    0.99    0    0
  290.0     40.0    -72.0     24.7    1.00    0    0
   82.0     53.0   -143.0     23.6    0.90    0    0
  351.0     89.0    109.0    100.0    0.66    0    0
  294.0     37.0    -84.0      8.4    1.01    0    0
  238.0     64.0   -164.0      9.6    0.69    0    0
  226.0     53.0   -132.0     12.1    0.57    0    0
   86.0     51.0   -128.0     12.0    0.92    0    0
  274.0     86.0   -128.0     62.5    0.50    0    0
  283.0     56.0   -153.0     42.9    0.84    0    0
  305.0     44.0    -55.0     25.5    0.99    0    0
  143.0     18.0    -62.0     18.4    0.35    0    0
  109.0     40.0    -91.0      5.8    0.92    0    0
   90.0     44.0   -129.0     18.1    0.89    0    0
  260.0     78.0   -143.0     26.5    0.68    0    0
  268.0     56.0   -133.0      5.0    0.87    0    0
  297.0     66.0   -142.0     52.5    0.58    0    0
  260.0     58.0   -138.0      0.8    0.85    0    0
  274.0     56.0    153.0     85.5    0.86    0    0
  205.0     45.0   -145.0     32.1    0.33    0    0
  256.0     40.0   -137.0      9.7    0.89    0    0
  226.0     51.0   -161.0     18.1    0.57    0    0
  303.0     30.0    -90.0      6.2    0.96    0    0
  100.0     50.0   -123.0     17.7    0.98    0    0
  296.0     24.0   -111.0     21.0    0.88    0    0
  324.0     19.0    -83.0     16.3    0.73    0    0
  295.0     18.0   -109.0     18.4    0.76    0    0
  282.0     88.0    133.0     22.2    0.38    0    0
  321.0     27.0    -82.0     13.5    0.89    0    0
  332.0     26.0    -82.0     22.0    0.82    0    0
  129.0     10.0    124.0    139.6    0.12    0    0
   87.0     57.0   -109.0      9.1    0.94    0    0
  223.0     59.0   -119.0     27.8    0.50    0    0
   85.0     49.0   -114.0      1.8    0.90    0    0
  285.0     39.0    -79.0     22.6    1.00    0    0
  270.0     61.0   -169.0     37.8    0.80    0    0
  157.0     45.0   -135.0     72.3    0.79    0    0
  132.0     68.0   -109.0     38.6    0.86    0    0
  333.0     31.0    -68.0      9.7    0.87    0    0
  278.0     44.0    -85.0     25.1    0.98    0    0
  231.0     47.0   -125.0     16.4    0.65    0    0
  253.0     70.0   -147.0     10.5    0.75    0    0
   96.0     56.0   -132.0     21.5    0.97    0    0
  262.0     59.0   -131.0      5.6    0.84    0    0
  258.0     31.0   -110.0     12.5    0.85    0    0
  257.0     59.0   -133.0      7.5    0.84    0    0
   28.0     70.0   -147.0     72.3    0.22    0    0
  273.0     42.0    -91.0     23.2    0.97    0    0
   89.0     78.0   -178.0     42.8    0.75    0    0
  287.0     18.0    -78.0     19.3    0.76    0    0
    4.0     32.0    -51.0      9.1    0.60    0    0
  217.0     44.0   -140.0      5.2    0.46    0    0
   84.0     47.0   -111.0      4.6    0.88    0    0
  232.0     56.0   -144.0      3.2    0.65    0    0
  156.0     59.0   -120.0     64.7    0.86    0    0
  345.0     48.0    -61.0     17.7    0.86    0    0
  261.0     50.0   -149.0     19.6    0.91    0    0
  271.0     67.0   -168.0     29.3    0.70    0    0
  136.0     47.0    -58.0     17.1    0.96    0    0
  273.0     51.0   -111.0      7.9    0.92    0    0
  101.0     47.0   -100.0      3.8    0.97    0    0
  329.0     35.0    -82.0     21.7    0.93    0    0
   56.0     83.0   -140.0     17.1    0.60    0    0
  280.0     68.0   -168.0     40.2    0.61    0    0
   85.0     62.0    159.0     78.4    0.91    0    0
  249.0     61.0   -136.0     11.5    0.80    0    0
  264.0     52.0   -129.0      0.7    0.90    0    0
  275.0     61.0   -149.0     23.8    0.78    0    0
  292.0     51.0   -127.0     31.0    0.91    0    0
   95.0     61.0    169.0     77.3    0.95    0    0
  295.0     17.0     -4.0     86.6    0.74    0    0
   93.0     60.0   -137.0     22.1    0.95    0    0
  236.0     48.0   -117.0     24.4    0.71    0    0
  277.0     55.0   -138.0     20.8    0.87    0    0
  260.0     76.0   -152.0     13.2    0.69    0    0
  287.0     73.0    167.0     69.5    0.42    0    0
  105.0     52.0   -119.0     17.5    1.00    0    0
  261.0     86.0   -149.0     38.6    0.66    0    0
  315.0     41.0   -118.0     47.2    0.99    0    0
  282.0     53.0   -145.0     35.3    0.89    0    0
  101.0     44.0    -96.0      7.2    0.95    0    0
  271.0     67.0   -129.0      9.7    0.70    0    0
  107.0     26.0     71.0    168.4    0.62    0    0
  105.0     41.0   -116.0     16.2    0.93    0    0
  105.0     42.0    -92.0      7.9    0.94    0    0
  224.0     85.0    146.0     31.5    0.40    0    0
  120.0     42.0    -70.0     18.4    0.95    0    0
   91.0     62.0    167.0     75.2    0.93    0    0
  308.0     41.0   -156.0     78.1    1.00    0    0
  251.0     61.0   -146.0      0.5    0.80    0    0
  131.0     29.0    -64.0     18.2    0.69    0    0
   74.0     54.0   -136.0     11.9    0.83    0    0
  246.0     65.0   -149.0      4.5    0.76    0    0
   90.0     13.0   -112.0     10.7    0.18    0    0
   93.0     56.0   -108.0      5.0    0.96    0    0
  177.0     85.0    161.0    178.7    0.60    0    0
  136.0     69.0   -119.0     54.1    0.85    0    0
  254.0     17.0   -101.0     22.0    0.62    0    0
  356.0     41.0    -54.0     12.1    0.74    0    0
  255.0     89.0   -169.0     23.9    0.70    0    0
  200.0     56.0   -121.0     32.9    0.29    0    0
   79.0     64.0    177.0     54.9    0.87    0    0
  281.0     54.0   -132.0     20.5    0.88    0    0
   72.0     73.0   -165.0     24.5    0.79    0    0
   94.0     68.0    167.0     73.8    0.88    0    0
  281.0     41.0    -82.0     24.1    0.99    0    0
  302.0     45.0    -90.0      6.3    0.98    0    0
  267.0     65.0   -141.0      1.3    0.76    0    0
  335.0     43.0    -59.0      6.4    0.93    0    0
  269.0     61.0   -136.0      3.7    0.80    0    0
  108.0     43.0    -81.0     16.8    0.96    0    0
   88.0     50.0   -125.0     10.8    0.93    0    0
  261.0     58.0   -132.0      4.4    0.85    0    0
  278.0     58.0   -129.0     10.7    0.82    0    0
  213.0     79.0    149.0     54.7    0.20    0    0
  294.0     81.0    164.0     66.1    0.11    0    0
  309.0     41.0   -137.0     60.2    1.00    0    0
  288.0     55.0   -134.0     31.4    0.85    0    0
  279.0     39.0   -162.0     54.5    0.99    0    0
  275.0     55.0   -162.0     42.5    0.87    0    0
  131.0     34.0    -79.0      2.4    0.80    0    0
  270.0     54.0   -134.0      9.8    0.89    0    0
  258.0     62.0   -150.0      6.7    0.81    0    0
   84.0     64.0   -161.0     36.3    0.90    0    0
   82.0     50.0   -131.0     13.0    0.88    0    0
   85.0     46.0   -125.0     10.4    0.88    0    0
   96.0     41.0   -124.0     17.8    0.89    0    0
   82.0     48.0   -104.0     13.1    0.87    0    0
   88.0     42.0    -85.0     26.6    0.86    0    0
  105.0     54.0   -100.0      1.9    1.00    0    0
  283.0     59.0   -134.0     21.8    0.78    0    0
  290.0     44.0    -96.0      1.3    0.99    0    0
  275.0     54.0   -169.0     50.2    0.89    0    0
  211.0     82.0    144.0     59.6    0.14    0    0
  316.0     49.0    -54.0     12.8    0.95    0    0
  231.0     62.0   -147.0      5.4    0.61    0    0
  103.0     45.0    -66.0     35.9    0.96    0    0
  296.0     40.0   -113.0     22.6    1.01    0    0
   39.0     42.0   -107.0     13.3    0.32    0    0
  263.0     84.0   -155.0     28.0    0.64    0    0
  113.0     36.0    -83.0     10.7    0.86    0    0
  122.0     26.0    -76.0     12.2    0.63    0    0
  127.0     41.0    -63.0     20.1    0.93    0    0
   84.0     55.0   -134.0     14.9    0.92    0    0
  284.0     44.0    -84.0     19.8    0.98    0    0
   90.0     59.0   -107.0      9.9    0.94    0    0
   18.0     59.0   -153.0    110.8    0.40    0    0
   20.0     78.0   -118.0     89.4    0.24    0    0
  142.0     44.0   -104.0     32.3    0.90    0    0
  220.0     13.0   -172.0     28.3    0.35    0    0
  331.0     25.0    -73.0     12.1    0.81    0    0
  280.0     47.0   -140.0     30.8    0.96    0    0
  248.0     52.0   -111.0     28.6    0.83    0    0
  108.0     44.0    -97.0      0.9    0.97    0    0
  269.0     43.0    -82.0     36.3    0.96    0    0
  321.0     51.0    -94.0     33.6    0.93    0    0
  254.0     83.0   -160.0     20.9    0.69    0    0
  145.0     36.0    -46.0     26.3    0.77    0    0
  263.0     59.0   -137.0      1.2    0.84    0    0
   91.0     87.0    163.0     46.4    0.61    0    0
  275.0     64.0   -159.0     30.0    0.73    0    0
  231.0     60.0   -137.0     13.5    0.62    0    0
  288.0     39.0   -111.0     12.4    1.00    0    0
  229.0     53.0   -137.0      7.8    0.61    0    0
  279.0     59.0   -133.0     15.1    0.80    0    0
  281.0     47.0   -106.0      2.1    0.96    0    0
  127.0     49.0   -160.0     78.1    0.99    0    0
  254.0     58.0   -145.0      3.5    0.84    0    0
  324.0     38.0    -90.0     26.5    0.97    0    0
  266.0     42.0   -128.0      7.5    0.95    0    0
  281.0     75.0   -126.0     17.2    0.45    0    0
   65.0     88.0   -138.0     25.7    0.68    0    0
  165.0     13.0   -160.0     60.7    0.14    0    0
  128.0     47.0   -140.0     58.6    0.98    0    0
   80.0     36.0    -92.0     21.9    0.70    0    0
  225.0     47.0   -120.0     20.6    0.57    0    0
  137.0     46.0    -60.0     14.6    0.94    0    0
  256.0     66.0   -158.0      8.1    0.78    0    0
  310.0     28.0    -85.0      7.3    0.93    0    0
  303.0     35.0    -62.0     21.6    1.00    0    0
  281.0     41.0    -75.0     31.1    0.99    0    0
  281.0     40.0   -132.0     26.2    0.99    0    0
  269.0     64.0   -121.0     15.2    0.76    0    0
  328.0     48.0    -53.0      2.5    0.94    0    0
  271.0     55.0   -167.0     43.0    0.88    0    0
  256.0     60.0   -141.0      1.3    0.83    0    0
  267.0     62.0   -133.0      2.6    0.80    0    0
  255.0     59.0   -155.0     13.1    0.83    0    0
  247.0     86.0   -162.0     24.4    0.69    0    0
  284.0     51.0   -141.0     34.8    0.92    0    0
  301.0     40.0    -95.0      9.8    1.01    0    0
   89.0     43.0   -103.0      8.2    0.88    0    0
  263.0     68.0   -138.0     10.1    0.74    0    0
  213.0     64.0   -122.0     13.8    0.31    0    0
  292.0     46.0    -80.0     15.3    0.97    0    0
  195.0     47.0   -130.0     48.4    0.34    0    0
  264.0     58.0   -141.0      7.2    0.85    0    0
  295.0     45.0    -88.0      3.7    0.98    0    0
   45.0     64.0   -163.0     35.0    0.43    0    0
  249.0     59.0   -125.0     20.4    0.81    0    0
  113.0     43.0    -94.0      0.1    0.96    0    0
  321.0     43.0    -59.0      5.4    0.98    0    0
  293.0     43.0    -76.0     17.8    1.00    0    0
  126.0     28.0   -154.0     68.5    0.68    0    0
  263.0     51.0   -160.0     31.6    0.91    0    0
  268.0     66.0   -135.0      5.3    0.74    0    0
   57.0     61.0   -151.0     18.8    0.63    0    0
  291.0     43.0    -73.0     23.0    0.99    0    0
  297.0     40.0    -91.0      1.6    1.01    0    0
  134.0     46.0    -67.0      9.9    0.96    0    0
  259.0     63.0   -146.0      2.2    0.80    0    0
  276.0     55.0   -161.0     42.6    0.87    0    0
  296.0     42.0    -73.0     17.5    1.00    0    0
   94.0     50.0   -124.0     14.0    0.96    0    0
  259.0     79.0   -145.0     26.9    0.68    0    0
  293.0     46.0   -128.0     33.9    0.97    0    0
   93.0     46.0   -121.0     11.5    0.93    0    0
  264.0     52.0   -126.0      2.3    0.90    0    0
   90.0     48.0   -135.0     22.8    0.93    0    0
  241.0     71.0   -157.0      5.6    0.69    0    0
  294.0      4.0    -65.0     25.3    0.36    0    0
  204.0     68.0    143.0    121.9    0.21    0    0
  268.0     38.0   -143.0     25.9    0.95    0    0
  302.0     28.0    -96.0     11.2    0.94    0    0
  230.0     86.0    141.0     33.8    0.50    0    0
  258.0     79.0   -180.0      7.8    0.69    0    0
  270.0     71.0   -167.0     19.6    0.65    0    0
  262.0     60.0   -128.0      9.7    0.83    0    0
   75.0     82.0   -155.0      3.9    0.74    0    0
  144.0     57.0   -142.0     77.1    0.94    0    0
   64.0     48.0   -134.0     10.5    0.67    0    0
  328.0     34.0    -52.0      9.4    0.93    0    0
   69.0     56.0   -134.0      6.8    0.78    0    0
  134.0     38.0   -147.0     68.4    0.86    0    0
  270.0     73.0   -151.0      0.9    0.63    0    0
  289.0     35.0    -77.0     20.1    1.00    0    0
  279.0     57.0   -118.0      1.8    0.83    0    0
  286.0     56.0   -126.0     20.1    0.84    0    0
  305.0     46.0    -55.0     25.2    0.98    0    0
  286.0     74.0    144.0     87.0    0.41    0    0
  254.0     63.0   -142.0      5.1    0.80    0    0
   59.0     51.0   -145.0     19.8    0.62    0    0
  252.0     88.0    147.0     22.5    0.70    0    0
  221.0     84.0    154.0     26.4    0.34    0    0
  288.0     39.0   -107.0      8.4    1.00    0    0
  243.0     81.0   -154.0     23.7    0.67    0    0
  177.0      7.0      1.0    174.2    0.13    0    0
  277.0     37.0    -44.0     64.8    0.98    0    0
  294.0     75.0   -111.0      7.6    0.30    0    0
  302.0     51.0    -47.0     35.9    0.92    0    0
  130.0     36.0    -95.0     13.3    0.84    0    0
  264.0     54.0   -128.0      2.0    0.89    0    0
   63.0     38.0    -91.0     27.2    0.55    0    0
   61.0     70.0   -135.0      5.5    0.69    0    0
   68.0     49.0   -110.0     13.4    0.73    0    0
   76.0     55.0   -167.0     43.3    0.85    0    0
  297.0     30.0    -86.0      3.3    0.97    0    0
  329.0     30.0    -75.0     13.4    0.89    0    0
  292.0     46.0   -134.0     38.7    0.97    0    0
  328.0     52.0   -113.0     60.1    0.92    0    0
  246.0     59.0   -144.0      2.8    0.79    0    0
  284.0     52.0   -130.0     23.3    0.90    0    0
  311.0     25.0    -63.0     14.1    0.89    0    0
  295.0     42.0    -75.0     16.6    1.00    0    0
  293.0     56.0   -125.0     29.4    0.83    0    0
  106.0     33.0    -82.0     16.4    0.79    0    0
   71.0     39.0   -115.0      3.0    0.66    0    0
  281.0     57.0   -134.0     20.5    0.83    0    0
  287.0     46.0   -149.0     48.0    0.97    0    0
   86.0     43.0   -132.0     19.0    0.85    0    0
  276.0     63.0   -136.0      9.6    0.74    0    0
  126.0     42.0    -95.0     11.2    0.94    0    0
  205.0     25.0    124.0    107.6    0.30    0    0
  104.0     42.0   -100.0      0.7    0.94    0    1
  312.0     36.0    -45.0     29.9    0.99    0    1
  242.0     68.0   -174.0     15.6    0.71    0    1
  199.0     42.0   -109.0     11.1    0.31    0    1
  237.0     62.0   -126.0     26.4    0.69    0    1
  119.0     15.0      1.0     93.0    0.29    0    1
  209.0     43.0   -119.0      4.2    0.36    0    1
  107.0     45.0    -99.0      0.3    0.97    0    1
   71.0     66.0   -129.0      4.9    0.81    0    1
  316.0     33.0    -77.0      5.2    0.97    0    1
   13.0     31.0    -37.0      4.8    0.48    0    1
   62.0     79.0   -129.0     22.0    0.68    0    1
  193.0     30.0    -85.0     12.2    0.28    0    1
  301.0     38.0   -107.0     21.7    1.01    0    1
  253.0     59.0    169.0     47.8    0.83    0    1
  302.0     44.0    -74.0      9.8    0.99    0    1
   96.0     46.0    -97.0     10.3    0.95    0    1
  312.0     40.0    -49.0     25.0    1.00    0    1
    6.0     36.0    -84.0     42.7    0.59    0    1
  305.0     24.0    -61.0     21.3    0.88    0    1
  113.0     50.0   -105.0     10.8    1.01    0    1
  260.0     87.0    167.0      3.2    0.67    0    1
   90.0     62.0   -135.0     16.4    0.93    0    1
  272.0     74.0    133.0     74.6    0.59    0    1
  348.0     33.0    -84.0     36.1    0.78    0    1
   80.0     28.0   -149.0     37.6    0.54    0    1
  267.0     78.0   -160.0      6.6    0.62    0    1
  231.0     40.0   -115.0     23.5    0.64    0    1
   59.0     27.0    -72.0     37.3    0.34    0    1
  271.0     54.0   -146.0     22.8    0.89    0    1
  297.0     30.0   -160.0     70.7    0.97    0    1
  221.0     55.0   -120.0     22.5    0.49    0    1
   89.0     43.0   -100.0     11.2    0.88    0    1
   74.0     69.0   -178.0     42.7    0.82    0    1
   35.0     45.0    120.0    154.9    0.32    0    1
   76.0     49.0   -152.0     31.4    0.82    0    1
   26.0     23.0    -50.0      6.5    0.30    0    1
  261.0     28.0   -112.0      7.6    0.84    0    1
  264.0     52.0   -153.0     24.7    0.90    0    1
  343.0     43.0    175.0    137.8    0.87    0    1
  253.0     40.0    -84.0     45.3    0.87    0    1
  275.0     89.0   -147.0     54.4    0.51    0    1
  293.0     39.0    -71.0     22.5    1.01    0    1
  273.0     76.0   -162.0      5.1    0.56    0    1
  219.0     90.0   -129.0     63.7    0.28    0    1
   89.0     53.0   -140.0     25.3    0.94    0    1
   69.0     51.0   -177.0     52.8    0.76    0    1
  324.0     16.0   -116.0     49.3    0.67    0    1
  355.0     34.0    -94.0     49.7    0.71    0    1
  278.0     74.0    144.0     71.0    0.51    0    1
   60.0     44.0   -117.0      4.1    0.58    0    1
  256.0     85.0   -168.0     17.0    0.69    0    1
  339.0     34.0    -40.0     13.2    0.86    0    1
   87.0     69.0   -133.0      6.5    0.87    0    1
  111.0     38.0   -102.0      6.8    0.90    0    1
   50.0     79.0   -130.0     20.7    0.51    0    1
  279.0     50.0   -113.0      1.3    0.93    0    1
   80.0     57.0   -155.0     32.3    0.89    0    1
   55.0     48.0   -129.0      6.9    0.54    0    1
  269.0     80.0   -156.0     15.3    0.58    0    1
  265.0     78.0   -113.0     54.6    0.64    0    1
  159.0     25.0    -78.0      6.3    0.44    0    1
   84.0     32.0    -79.0     32.0    0.66    0    1
  261.0     33.0   -133.0     12.1    0.89    0    1
  254.0     47.0   -123.0      9.5    0.88    0    1
   73.0     76.0   -151.0      7.4    0.78    0    1
  113.0     41.0    -94.0      0.2    0.94    0    1
  157.0     39.0   -129.0     63.6    0.72    0    1
  227.0     68.0   -136.0     21.8    0.52    0    1
  224.0     28.0    -96.0     41.0    0.50    0    1
   31.0     43.0    -81.0      9.7    0.32    0    1
   89.0     40.0   -129.0     18.6    0.84    0    1
  292.0     43.0    -59.0     35.9    1.00    0    1
   81.0     58.0   -118.0      4.7    0.90    0    1
  215.0     49.0   -117.0     16.4    0.42    0    1
  203.0     32.0     72.0    170.3    0.31    0    1
  274.0     41.0    -76.0     36.9    0.98    0    1
   76.0     43.0   -106.0     12.0    0.76    0    1
  273.0     26.0    -64.0     45.8    0.87    0    1
  337.0     42.0    -92.0     40.4    0.91    0    1
  322.0     32.0    -50.0     16.8    0.94    0    1
  140.0     35.0   -136.0     60.6    0.78    0    1
  263.0     29.0    -93.0     25.3    0.86    0    1
  269.0     52.0   -131.0      7.3    0.91    0    1
   98.0     53.0   -111.0      3.2    0.98    0    1
  173.0     36.0   -151.0     86.0    0.50    0    1
  260.0     67.0   -156.0      7.2    0.76    0    1
  109.0     24.0    -57.0     39.2    0.57    0    1
  142.0     54.0    -48.0     20.0    0.95    0    1
  301.0     41.0    -99.0     13.8    1.01    0    1
   48.0     15.0    -74.0     20.8    0.14    0    1
  251.0     58.0   -156.0     12.7    0.82    0    1
  130.0     30.0    -77.0      5.7    0.72    0    1
  167.0     56.0   -139.0     86.5    0.75    0    1
  303.0     68.0   -107.0     32.7    0.54    0    1
  348.0     36.0    -90.0     42.9    0.80    0    1
  188.0     22.0   -149.0     46.6    0.22    0    1
    5.0     11.0    177.0    147.7    0.37    0    1
  246.0     21.0   -150.0     21.5    0.64    0    1
  260.0     67.0   -156.0      7.2    0.76    0    1
  281.0     28.0   -112.0      8.6    0.92    0    1
  144.0     37.0   -152.0     79.5    0.79    0    1
  339.0     26.0   -102.0     47.1    0.77    0    1
  137.0     50.0    -55.0     18.4    0.97    0    1
  283.0     57.0   -122.0     11.2    0.82    0    1
  321.0     45.0   -174.0    110.4    0.97    0    1
  263.0     66.0   -131.0     13.9    0.76    0    1
  280.0     28.0   -126.0     21.8    0.92    0    1
  277.0     73.0   -138.0      5.7    0.54    0    1
  246.0     54.0   -131.0     11.2    0.81    0    1
  107.0     68.0   -111.0      7.0    0.86    0    1
  249.0     40.0   -116.0     15.8    0.84    0    1
  336.0     36.0    -80.0     25.3    0.90    0    1
  205.0     75.0    126.0    139.2    0.15    0    1
  282.0     41.0    -86.0     19.1    0.99    0    1
  227.0     59.0   -120.0     28.8    0.56    0    1
  262.0     55.0   -121.0     11.6    0.88    0    1
  271.0     33.0   -140.0     27.1    0.94    0    1
  174.0     50.0   -104.0     48.1    0.62    0    1
  282.0     46.0   -142.0     35.4    0.97    0    1
   83.0     52.0   -120.0      1.7    0.90    0    1
  300.0     39.0    -61.0     25.3    1.01    0    1
  250.0     34.0   -109.0     19.8    0.82    0    1
   67.0     13.0    103.0    172.3    0.11    0    1
  283.0     27.0   -121.0     19.5    0.91    0    1
  113.0     46.0    -95.0      1.0    0.99    0    1
  229.0     52.0   -111.0     33.2    0.62    0    1
   29.0     69.0    177.0    103.0    0.22    0    1
  155.0     47.0   -135.0     72.3    0.83    0    1
  268.0     27.0   -133.0     19.0    0.86    0    1
   53.0     52.0   -120.0      3.9    0.54    0    1
  104.0     43.0    -93.0      7.8    0.95    0    1
   89.0     87.0    128.0     79.8    0.63    0    1
  273.0     56.0   -126.0      3.3    0.86    0    1
  245.0     38.0   -170.0     36.9    0.79    0    1
   65.0     51.0   -116.0      9.1    0.71    0    1
  263.0     58.0   -178.0     43.3    0.85    0    1
  221.0     39.0   -134.0      2.8    0.51    0    1
  219.0     80.0    148.0     42.0    0.32    0    1
  303.0     37.0    -65.0     18.4    1.01    0    1
   80.0     60.0   -134.0      9.4    0.89    0    1
  259.0     35.0   -156.0     32.9    0.89    0    1
  216.0     44.0   -140.0      6.2    0.44    0    1
   10.0     88.0   -170.0    174.0    0.39    0    1
  268.0     57.0   -168.0     39.1    0.86    0    1
  281.0     59.0   -128.0     12.9    0.79    0    1
  109.0     48.0   -123.0     25.6    1.00    0    1
  289.0     37.0    -94.0      3.3    1.00    0    1
  292.0     40.0    -71.0     23.6    1.01    0    1
  225.0     75.0   -175.0      8.9    0.45    0    1
   93.0     38.0    -96.0     11.5    0.83    0    1
  174.0     40.0   -180.0    117.4    0.54    0    1
  138.0     45.0   -110.0     35.8    0.93    0    1
  257.0     36.0   -112.0     12.9    0.88    0    1
  298.0     43.0    -89.0      0.7    1.00    0    1
    8.0     70.0    100.0    122.4    0.51    0    1
  259.0     33.0   -101.0     21.4    0.87    0    1
  313.0     24.0    -85.0      9.6    0.86    0    1
  270.0     54.0   -147.0     22.8    0.89    0    1
  136.0     53.0   -107.0     33.7    0.98    0    1
  318.0     57.0    180.0    120.6    0.85    0    1
   54.0     87.0   -125.0     38.2    0.56    0    1
  267.0     70.0   -139.0      9.3    0.69    0    1
   31.0     55.0   -124.0     44.2    0.30    0    1
   17.0     21.0    -99.0     60.7    0.38    0    1
   10.0     64.0   -139.0    109.4    0.51    0    1
   42.0     87.0   -137.0     24.5    0.35    0    1
   69.0     86.0   -131.0     28.6    0.71    0    1
  267.0     30.0    -95.0     20.4    0.89    0    1
   74.0     64.0   -125.0      5.9    0.84    0    1
   16.0     37.0    -80.0     36.3    0.47    0    1
   49.0     72.0   -175.0     34.1    0.50    0    1
  262.0     48.0   -114.0     13.2    0.92    0    1
  105.0      9.0    -42.0     56.0    0.08    0    1
   59.0     88.0   -129.0     35.5    0.63    0    1
  239.0     58.0   -172.0     23.8    0.73    0    1
  288.0     44.0    -76.0     23.5    0.99    0    1
  274.0     33.0   -107.0      3.4    0.95    0    1
   99.0     55.0   -102.0      5.6    0.98    0    1
  272.0     33.0    -87.0     25.1    0.94    0    1
   84.0     74.0   -140.0      5.7    0.81    0    1
  294.0     40.0   -103.0     10.5    1.01    0    1
  269.0     90.0   -145.0     55.3    0.60    0    1
  258.0     57.0   -138.0      0.3    0.85    0    1
  264.0     61.0   -135.0      2.2    0.82    0    1
   47.0     11.0     85.0    110.0    0.14    0    1
  272.0     66.0   -156.0     20.1    0.71    0    1
  357.0     55.0    146.0    179.8    0.73    0    1
  126.0     73.0   -123.0     47.3    0.75    0    1
   64.0     72.0   -131.0     11.1    0.72    0    1
  274.0     37.0    -96.0     15.5    0.97    0    1
   72.0     88.0   -158.0      4.2    0.71    0    1
   90.0     57.0   -143.0     27.2    0.95    0    1
  108.0     39.0    -95.0      2.4    0.91    0    1
  278.0     53.0   -130.0     15.4    0.90    0    1
  248.0     68.0    147.0     56.4    0.75    0    1
  284.0     41.0   -113.0     10.0    1.00    0    1
  259.0     67.0   -160.0     10.5    0.77    0    1
  273.0     50.0   -124.0      5.8    0.93    0    1
  207.0     19.0    -96.0     41.6    0.29    0    1
  195.0     38.0   -138.0     46.7    0.31    0    1
  223.0     41.0   -123.0     15.0    0.54    0    1
  259.0     89.0   -141.0     52.9    0.68    0    1
  216.0     66.0    111.0    104.6    0.35    0    1
   66.0     29.0    -97.0     16.7    0.44    0    1
  116.0     34.0    -91.0      0.6    0.83    0    1
   77.0     83.0   -170.0     18.2    0.74    0    1
   72.0     76.0   -151.0      7.0    0.77    0    1
  271.0     53.0   -109.0     13.4    0.90    0    1
  255.0     48.0   -107.0     25.5    0.89    0    1
  248.0     35.0   -120.0     10.3    0.80    0    1
  272.0     31.0    -91.0     20.6    0.93    0    1
  237.0     85.0    145.0     30.9    0.61    0    1
  172.0     60.0    120.0    168.4    0.69    0    1
  286.0     41.0    -84.0     17.0    1.00    0    1
  290.0     43.0   -124.0     26.9    0.99    0    1
  325.0     34.0   -150.0     86.2    0.94    0    1
  239.0     85.0   -152.0     32.2    0.63    0    1
  225.0     81.0    128.0     56.3    0.43    0    1
  337.0     35.0    -69.0     14.7    0.88    0    1
  184.0     10.0   -133.0     19.1    0.14    0    1
  126.0     43.0    -55.0     28.6    0.95    0    1
  298.0     21.0     19.0    107.2    0.83    0    1
   92.0     18.0    -51.0     52.9    0.34    0    1
  295.0     48.0   -126.0     34.1    0.95    0    1
  266.0     53.0   -114.0     13.3    0.90    0    1
  270.0     60.0   -129.0      1.0    0.81    0    1
   65.0     88.0   -124.0     39.7    0.68    0    1
  161.0     44.0   -141.0     79.4    0.74    0    1
  302.0     25.0    -77.0      7.8    0.90    0    1
  109.0     43.0   -107.0     10.0    0.96    0    1
  304.0     52.0   -120.0     39.9    0.90    0    1
   79.0     50.0   -133.0     13.4    0.86    0    1
   94.0     43.0   -123.0     15.0    0.91    0    1
   74.0     89.0   -178.0     14.5    0.71    0    1
  308.0     44.0    -75.0      2.2    0.99    0    1
  322.0     39.0    -81.0     16.1    0.98    0    1
   21.0     60.0   -126.0     78.2    0.36    0    1
  234.0     44.0   -123.0     16.7    0.69    0    1
  220.0     79.0   -142.0     27.1    0.34    0    1
   91.0     57.0   -124.0      8.9    0.95    0    1
  272.0     55.0   -161.0     38.1    0.88    0    1
  282.0     46.0    -92.0     14.6    0.97    0    1
   59.0     42.0    -99.0     20.7    0.55    0    1
  100.0     40.0   -115.0     11.7    0.90    0    1
  278.0     32.0   -108.0      1.3    0.96    0    1
   91.0     62.0   -114.0      3.8    0.93    0    1
  253.0     31.0    175.0     59.0    0.81    0    1
  359.0     22.0   -114.0     70.7    0.56    0    1
  291.0     39.0    -80.0     15.5    1.01    0    1
  122.0     44.0    -68.0     18.7    0.97    0    1
  266.0     41.0   -102.0     18.0    0.95    0    1
  285.0     44.0    -69.0     33.7    0.99    0    1
  295.0     38.0   -125.0     33.6    1.01    0    1
   16.0     79.0    111.0    128.9    0.31    0    1
  153.0     47.0   -161.0     97.2    0.85    0    1
  319.0     24.0    -50.0     20.5    0.85    0    1
  219.0     77.0    134.0     61.6    0.33    0    1
   15.0     40.0    -86.0     42.8    0.48    0    1
  259.0     89.0   -174.0     19.9    0.68    0    1
  243.0     78.0   -162.0     10.8    0.68    0    1
  115.0     42.0   -119.0     26.7    0.95    0    1
  225.0     51.0   -151.0      8.4    0.56    0    1
  272.0     60.0   -128.0      0.2    0.81    0    1
  260.0     48.0   -125.0      3.8    0.91    0    1
  254.0     69.0   -153.0      2.5    0.76    0    1
   21.0     47.0   -144.0     94.3    0.40    0    1
  239.0     46.0   -115.0     24.5    0.75    0    1
  272.0     35.0    -88.0     24.7    0.96    0    1
  187.0     82.0    117.0    139.4    0.44    0    1
  264.0     39.0    -54.0     66.8    0.94    0    1
   44.0     89.0   -145.0     21.0    0.39    0    1
   20.0     46.0    124.0    172.1    0.42    0    1
  262.0     42.0    -97.0     26.7    0.93    0    1
  281.0     44.0    -91.0     16.0    0.98    0    1
  309.0     29.0    -98.0     19.5    0.95    0    1
  217.0     18.0    177.0     42.4    0.37    0    1
   87.0     52.0   -179.0     63.3    0.93    0    1
   80.0     69.0   -114.0     17.8    0.85    0    1
  313.0     17.0    -28.0     47.6    0.72    0    1
  275.0     18.0   -119.0     11.9    0.73    0    1
   82.0     89.0   -132.0     28.8    0.68    0    1
  233.0     84.0    119.0     58.8    0.55    0    1
  248.0     86.0    152.0     21.6    0.69    0    1
  132.0     51.0    -57.0     20.3    0.99    0    1
  297.0     27.0   -117.0     27.8    0.93    0    1
   33.0     73.0   -131.0     22.5    0.22    0    1
  228.0     24.0    -11.0    125.8    0.52    0    1
  271.0     49.0   -141.0     21.4    0.94    0    1
  132.0      5.0    120.0     10.6    0.07    0    1
   79.0     58.0    171.0     65.1    0.88    0    1
  284.0     46.0   -125.0     20.6    0.97    0    1
   97.0     22.0   -133.0     30.4    0.48    0    1
   90.0     76.0   -171.0     39.5    0.78    0    1
  315.0     35.0    -63.0      9.3    0.98    0    1
  122.0     53.0   -108.0     22.1    1.01    0    1
  120.0     45.0   -110.0     21.8    0.98    0    1
  233.0     35.0   -115.0     21.6    0.65    0    1
   84.0     59.0   -141.0     19.7    0.92    0    1
  275.0     46.0    -86.0     28.0    0.96    0    1
  230.0     41.0   -118.0     20.9    0.63    0    1
  125.0     23.0     62.0    148.8    0.54    0    1
  276.0     65.0   -133.0      3.9    0.70    0    1
   30.0     31.0   -122.0     64.0    0.30    0    1
   93.0     46.0   -128.0     18.5    0.93    0    1
   92.0     65.0   -157.0     38.1    0.91    0    1
  272.0     56.0   -136.0     12.2    0.86    0    1
  324.0     27.0    -90.0     24.0    0.87    0    1
  325.0     13.0     18.0     83.7    0.59    0    1
  274.0     46.0   -143.0     28.0    0.96    0    1
  293.0     42.0   -160.0     66.3    1.00    0    1
  281.0     59.0   -137.0     21.9    0.79    0    1
  297.0     25.0    -69.0     20.2    0.90    0    1
  315.0     31.0    -98.0     25.0    0.95    0    1
  272.0     28.0   -103.0      8.0    0.89    0    1
   79.0     46.0   -128.0     10.1    0.83    0    1
  303.0     41.0    -63.0     20.1    1.01    0    1
  103.0     45.0    -94.0      7.9    0.96    0    1
  105.0     47.0   -124.0     23.4    0.98    0    1
   16.0     50.0   -143.0    100.3    0.47    0    1
   77.0     77.0   -167.0     24.2    0.78    0    1
  123.0     43.0   -119.0     33.0    0.96    0    1
  138.0     18.0    -68.0     14.1    0.36    0    1
   53.0     86.0    163.0     35.3    0.55    0    1
  312.0     39.0    -75.0      0.7    1.00    0    1
  131.0     59.0   -144.0     68.2    0.97    0    1
  316.0     36.0    -63.0      8.2    0.98    0    1
  229.0     40.0   -129.0      9.6    0.62    0    1
  303.0     88.0   -168.0    144.0    0.21    0    1
  314.0     43.0    -54.0     17.2    0.99    0    1
  305.0     35.0    -63.0     18.6    1.00    0    1
  313.0     40.0   -103.0     29.9    1.00    0    1
  266.0     57.0   -128.0      2.9    0.86    0    1
  344.0     21.0    -80.0     28.1    0.66    0    1
  229.0     71.0    180.0     17.9    0.54    0    1
   76.0     86.0    179.0     23.6    0.72    0    1
  163.0     50.0   -120.0     62.3    0.77    0    1
  221.0     90.0    126.0     41.7    0.33    0    1
  210.0     47.0   -129.0      4.5    0.36    0    1
  226.0     17.0    151.0     70.0    0.43    0    1
  255.0     65.0   -124.0     25.1    0.79    0    1
  144.0     19.0    146.0    134.7    0.37    0    1
  256.0     57.0   -137.0      2.1    0.85    0    1
  215.0     51.0   -126.0      7.9    0.41    0    1
  100.0     50.0   -119.0     13.7    0.98    0    1
  221.0     76.0    148.0     47.2    0.38    0    1
  262.0     31.0   -103.0     16.6    0.88    0    1
  317.0     31.0   -112.0     40.7    0.95    0    1
   85.0     49.0   -127.0     11.2    0.90    0    1
  221.0     88.0    141.0     31.0    0.33    0    1
  300.0     40.0    -87.0      0.7    1.01    0    1
  112.0     50.0   -109.0     14.0    1.01    0    1
  163.0     57.0   -106.0     52.8    0.80    0    1
  112.0     46.0   -105.0     10.2    0.99    0    1
   38.0     89.0   -134.0     30.5    0.26    0    1
  190.0      5.0   -147.0     29.8    0.19    0    1
  281.0     47.0   -101.0      7.1    0.96    0    1
   67.0     51.0   -132.0      7.3    0.73    0    1
   40.0     51.0   -146.0     40.7    0.35    0    1
   27.0     42.0    164.0    135.8    0.34    0    1
  305.0     29.0   -108.0     25.9    0.95    0    1
   76.0     74.0   -137.0      2.6    0.80    0    1
  359.0      6.0   -119.0     84.1    0.33    0    1
   54.0     56.0   -132.0      4.6    0.57    0    1
  284.0     45.0    -92.0     12.1    0.98    0    1
  286.0     58.0   -161.0     54.0    0.80    0    1
  240.0     87.0   -167.0     20.6    0.64    0    1
  315.0     39.0   -101.0     29.6    0.99    0    1
  229.0     62.0   -161.0      9.0    0.58    0    1
   73.0     74.0   -140.0      1.2    0.79    0    1
  293.0     44.0    -67.0     26.9    0.99    0    1
  260.0     67.0   -143.0      5.8    0.76    0    1
   72.0     69.0   -125.0     11.3    0.81    0    1
   67.0     27.0     96.0    151.4    0.41    0    1
  269.0     87.0    144.0     24.0    0.58    0    1
  245.0     46.0   -107.0     30.1    0.81    0    1
  340.0     35.0    -93.0     40.8    0.86    0    1
  347.0     29.0    -64.0     14.7    0.75    0    1
  269.0     57.0   -135.0      7.1    0.86    0    1
  264.0     62.0   -122.0     16.4    0.81    0    1
   73.0     81.0   -129.0     21.5    0.75    0    1
   78.0     56.0   -144.0     20.7    0.87    0    1
  262.0     31.0    -39.0     80.6    0.88    0    1
  270.0     55.0   -157.0     32.0    0.88    0    1
  324.0     44.0    -56.0      5.2    0.97    0    1
  244.0     79.0    139.0     46.6    0.68    0    1
  303.0     43.0   -122.0     39.2    1.00    0    1
  241.0     39.0   -115.0     20.4    0.76    0    1
  307.0     44.0    -83.0      4.7    0.99    0    1
  103.0     38.0    -73.0     27.9    0.88    0    1
  102.0     51.0    -48.0     55.9    0.99    0    1
  298.0     27.0    -35.0     53.3    0.93    0    1
  252.0     46.0   -103.0     30.2    0.87    0    1
  262.0     52.0   -124.0      6.0    0.90    0    1
  233.0     45.0   -126.0     14.3    0.68    0    1
  290.0     39.0   -109.0     12.4    1.01    0    1
  243.0     52.0    175.0     43.1    0.79    0    1
  108.0     32.0    -85.0     12.0    0.77    0    1
   85.0     51.0   -111.0      5.6    0.91    0    1
  261.0     83.0   -149.0     31.6    0.66    0    1
  248.0     87.0   -166.0     22.2    0.69    0    1
   93.0     42.0    -91.0     17.4    0.89    0    1
   69.0     48.0   -152.0     29.4    0.74    0    1
  116.0     45.0    -84.0      7.5    0.98    0    1
  276.0     38.0    -77.0     33.0    0.98    0    1
  223.0     44.0   -115.0     23.8    0.54    0    1
  338.0     20.0    -11.0     45.1    0.69    0    1
  300.0     28.0    -75.0     11.6    0.94    0    1
   81.0     52.0   -133.0     13.5    0.89    0    1
  271.0     69.0   -154.0     11.7    0.67    0    1
  295.0     50.0   -126.0     34.0    0.93    0    1
  288.0     57.0   -125.0     21.5    0.81    0    1
   34.0     83.0   -110.0     29.2    0.18    0    1
  268.0     38.0   -115.0      2.1    0.95    0    1
   21.0      6.0     -4.0     12.8    0.25    0    1
  326.0     31.0    -67.0      3.3    0.91    0    1
  227.0     71.0   -133.0     28.5    0.51    0    1
   32.0     32.0    -91.0     27.6    0.29    0    1
  267.0     87.0    148.0     20.7    0.61    0    1
   74.0     76.0   -107.0     36.1    0.78    0    1
  259.0     46.0   -134.0      5.7    0.91    0    1
  265.0     33.0   -129.0     11.2    0.91    0    1
  307.0     31.0   -147.0     66.9    0.97    0    1
  134.0      4.0    169.0     45.9    0.10    0    1
  269.0     24.0   -126.0     13.4    0.82    0    1
  300.0     62.0   -140.0     56.2    0.69    0    1
  326.0     81.0    107.0    113.9    0.59    0    1
   70.0     56.0   -137.0     10.2    0.79    0    1
   87.0     72.0   -157.0     27.5    0.83    0    1
  233.0     59.0   -135.0     14.8    0.65    0    1
  286.0     45.0    -88.0     13.9    0.98    0    1
  258.0     89.0    164.0      2.4    0.69    0    1
   46.0     48.0   -106.0      8.1    0.42    0    1
   93.0     43.0    -93.0     15.7    0.90    0    1
  309.0     41.0    -57.0     19.8    1.00    0    1
  250.0     39.0   -101.0     29.7    0.84    0    1
  256.0     59.0   -144.0      2.8    0.83    0    1
  259.0     60.0   -129.0     11.2    0.83    0    1
  312.0     32.0    -43.0     32.5    0.97    0    1
  204.0     49.0   -147.0     39.3    0.31    0    1
   58.0     66.0   -162.0     25.3    0.65    0    1
   69.0     40.0   -110.0      8.9    0.65    0    1
  277.0     58.0   -136.0     16.4    0.82    0    1
  295.0     43.0    -90.0      1.6    1.00    0    1
  276.0     47.0   -135.0     21.5    0.96    0    1
  260.0     45.0   -138.0     11.1    0.92    0    1
   90.0     81.0   -133.0      6.1    0.70    0    1
   90.0     52.0   -137.0     23.4    0.95    0    1
  288.0     41.0   -125.0     26.1    1.00    0    1
   83.0     59.0   -136.0     14.0    0.91    0    1
  123.0     31.0    172.0    101.0    0.76    0    1
  277.0     43.0   -133.0     22.3    0.98    0    1
  259.0     57.0   -131.0      5.9    0.86    0    1
  252.0     37.0   -169.0     40.4    0.85    0    1
  116.0     43.0    -75.0     16.5    0.97    0    1
  252.0     86.0   -159.0     27.7    0.70    0    1
  263.0     69.0   -150.0      0.2    0.73    0    1
  279.0     77.0   -170.0     16.6    0.45    0    1
  256.0     64.0   -147.0      0.2    0.79    0    1
  258.0     57.0   -120.0     17.7    0.85    0    1
   73.0     52.0   -130.0      6.6    0.81    0    1
   77.0     60.0   -152.0     25.7    0.87    0    1
  263.0     58.0   -129.0      5.7    0.85    0    1
  248.0     24.0    168.0     64.4    0.69    0    1
   89.0     64.0   -117.0      3.8    0.91    0    1
  232.0     42.0    -85.0     54.1    0.66    0    1
  308.0     54.0   -139.0     64.9    0.88    0    1
  276.0     54.0   -148.0     30.4    0.88    0    1
  148.0     82.0   -117.0     82.1    0.70    0    1
  277.0     56.0   -158.0     40.1    0.85    0    1
  126.0     28.0    -72.0     13.5    0.68    0    1
  295.0     48.0   -127.0     35.1    0.95    0    1
  196.0     42.0    154.0    116.5    0.32    0    1
   89.0     44.0    -73.0     38.5    0.89    0    1
  284.0     56.0   -167.0     58.3    0.84    0    1
  272.0     41.0   -117.0      2.3    0.97    0    1
  295.0     55.0   -134.0     41.6    0.85    0    1
   82.0     74.0   -168.0     32.2    0.81    0    1
  110.0     78.0   -123.0     18.2    0.63    0    1
  273.0     41.0    -91.0     22.8    0.97    0    1
   19.0     75.0   -124.0     93.5    0.28    0    1
  210.0     44.0   -141.0     16.0    0.37    0    1
   74.0     63.0   -163.0     32.9    0.84    0    1
  237.0     44.0   -146.0      7.0    0.72    0    1
  305.0     11.0    -51.0     30.9    0.58    0    1
  272.0     43.0   -103.0     12.5    0.97    0    1
  244.0     62.0   -137.0     13.7    0.76    0    1
  260.0     70.0   -156.0      2.3    0.74    0    1
  224.0     70.0    158.0     43.4    0.46    0    1
   70.0     44.0    -89.0     31.4    0.71    0    1
  295.0     52.0   -131.0     38.8    0.90    0    1
  233.0     70.0   -138.0     23.6    0.60    0    1
  266.0     60.0   -131.0      3.1    0.83    0    1
  108.0     43.0    -86.0     11.8    0.96    0    1
  260.0     45.0   -162.0     35.1    0.92    0    1
  247.0     71.0   -152.0      9.3    0.73    0    1
  234.0     46.0   -124.0     16.7    0.69    0    1
   94.0     90.0    161.0     42.8    0.54    0    1
  157.0     50.0   -150.0     89.8    0.83    0    1
  203.0     75.0    121.0    161.4    0.16    0    1
  288.0     42.0    -96.0      3.1    1.00    0    1
  287.0     65.0   -142.0     31.3    0.63    0    1
  291.0     50.0   -127.0     29.9    0.93    0    1
  223.0     43.0   -124.0     14.5    0.54    0    1
  208.0     75.0   -169.0     48.0    0.16    0    1
   13.0     46.0    144.0    174.8    0.52    0    1
  167.0     42.0    -59.0      2.1    0.65    0    1
  262.0     74.0   -172.0     11.9    0.69    0    1
  267.0     62.0   -152.0     16.4    0.80    0    1
  256.0     72.0   -161.0      1.6    0.73    0    1
   74.0     82.0   -172.0     20.4    0.74    0    1
  285.0     88.0    175.0     24.8    0.32    0    1
  312.0     33.0    -92.0     16.6    0.98    0    1
  277.0     43.0    -86.0     24.7    0.98    0    1
  264.0     32.0    -90.0     28.3    0.90    0    1
  255.0     37.0   -107.0     19.7    0.87    0    1
  258.0     43.0    -94.0     33.3    0.91    0    1
  270.0     57.0   -140.0     13.1    0.85    0    1
   94.0     56.0   -104.0      8.2    0.97    0    1
  256.0     65.0    120.0     91.5    0.79    0    1
  104.0     16.0     43.0    141.6    0.31    0    1
   93.0     48.0   -119.0      8.9    0.95    0    1
   65.0     22.0     92.0    160.3    0.29    0    1
  298.0     19.0    -63.0     25.2    0.79    0    1
  190.0     33.0     77.0    163.1    0.31    0    1
  234.0     34.0   -119.0     17.1    0.65    0    1
  262.0     57.0   -137.0      2.5    0.86    0    1
  230.0     44.0   -124.0     16.0    0.64    0    1
  274.0     45.0   -142.0     27.5    0.97    0    1
  310.0     40.0   -114.0     38.0    1.00    0    1
   70.0     45.0   -172.0     51.1    0.72    0    1
   71.0     34.0    -93.0     23.0    0.58    0    1
  261.0     52.0   -127.0      3.9    0.90    0    1
   42.0     66.0   -138.0     12.1    0.38    0    1
  184.0     16.0    -51.0     64.7    0.17    0    1
  306.0     47.0    -84.0      5.2    0.97    0    1
  307.0     52.0   -124.0     47.8    0.91    0    1
  310.0     36.0    -85.0      8.2    1.00    0    1
  253.0     56.0    130.0     89.8    0.84    0    1
    7.0     47.0    101.0    139.6    0.60    0    1
   84.0     42.0   -128.0     14.1    0.83    0    1
  270.0     54.0   -161.0     36.8    0.89    0    1
  172.0     56.0   -123.0     71.4    0.68    0    1
  263.0     73.0   -169.0     11.6    0.69    0    1
  292.0     43.0    -72.0     22.9    1.00    0    1
  285.0     43.0    -82.0     20.5    0.99    0    1
  211.0     37.0   -147.0     18.7    0.38    0    1
  106.0     18.0    132.0    130.2    0.38    0    1
  268.0     81.0   -161.0     13.5    0.59    0    1
  225.0     19.0    143.0     78.4    0.44    0    1
  182.0     11.0   -157.0     13.6    0.14    0    1
  319.0     42.0    -66.0      0.7    0.99    0    1
  290.0     40.0    -72.0     24.7    1.00    0    1
   82.0     53.0   -143.0     23.6    0.90    0    1
  351.0     89.0    109.0    100.0    0.66    0    1
  294.0     37.0    -84.0      8.4    1.01    0    1
  238.0     64.0   -164.0      9.6    0.69    0    1
  226.0     53.0   -132.0     12.1    0.57    0    1
   86.0     51.0   -128.0     12.0    0.92    0    1
  274.0     86.0   -128.0     62.5    0.50    0    1
  283.0     56.0   -153.0     42.9    0.84    0    1
  305.0     44.0    -55.0     25.5    0.99    0    1
  143.0     18.0    -62.0     18.4    0.35    0    1
  109.0     40.0    -91.0      5.8    0.92    0    1
   90.0     44.0   -129.0     18.1    0.89    0    1
  260.0     78.0   -143.0     26.5    0.68    0    1
  268.0     56.0   -133.0      5.0    0.87    0    1
  297.0     66.0   -142.0     52.5    0.58    0    1
  260.0     58.0   -138.0      0.8    0.85    0    1
  274.0     56.0    153.0     85.5    0.86    0    1
  205.0     45.0   -145.0     32.1    0.33    0    1
  256.0     40.0   -137.0      9.7    0.89    0    1
  226.0     51.0   -161.0     18.1    0.57    0    1
  303.0     30.0    -90.0      6.2    0.96    0    1
  100.0     50.0   -123.0     17.7    0.98    0    1
  296.0     24.0   -111.0     21.0    0.88    0    1
  324.0     19.0    -83.0     16.3    0.73    0    1
  295.0     18.0   -109.0     18.4    0.76    0    1
  282.0     88.0    133.0     22.2    0.38    0    1
  321.0     27.0    -82.0     13.5    0.89    0    1
  332.0     26.0    -82.0     22.0    0.82    0    1
  129.0     10.0    124.0    139.6    0.12    0    1
   87.0     57.0   -109.0      9.1    0.94    0    1
  223.0     59.0   -119.0     27.8    0.50    0    1
   85.0     49.0   -114.0      1.8    0.90    0    1
  285.0     39.0    -79.0     22.6    1.00    0    1
  270.0     61.0   -169.0     37.8    0.80    0    1
  157.0     45.0   -135.0     72.3    0.79    0    1
  132.0     68.0   -109.0     38.6    0.86    0    1
  333.0     31.0    -68.0      9.7    0.87    0    1
  278.0     44.0    -85.0     25.1    0.98    0    1
  231.0     47.0   -125.0     16.4    0.65    0    1
  253.0     70.0   -147.0     10.5    0.75    0    1
   96.0     56.0   -132.0     21.5    0.97    0    1
  262.0     59.0   -131.0      5.6    0.84    0    1
  258.0     31.0   -110.0     12.5    0.85    0    1
  257.0     59.0   -133.0      7.5    0.84    0    1
   28.0     70.0   -147.0     72.3    0.22    0    1
  273.0     42.0    -91.0     23.2    0.97    0    1
   89.0     78.0   -178.0     42.8    0.75    0    1
  287.0     18.0    -78.0     19.3    0.76    0    1
    4.0     32.0    -51.0      9.1    0.60    0    1
  217.0     44.0   -140.0      5.2    0.46    0    1
   84.0     47.0   -111.0      4.6    0.88    0    1
  232.0     56.0   -144.0      3.2    0.65    0    1
  156.0     59.0   -120.0     64.7    0.86    0    1
  345.0     48.0    -61.0     17.7    0.86    0    1
  261.0     50.0   -149.0     19.6    0.91    0    1
  271.0     67.0   -168.0     29.3    0.70    0    1
  136.0     47.0    -58.0     17.1    0.96    0    1
  273.0     51.0   -111.0      7.9    0.92    0    1
  101.0     47.0   -100.0      3.8    0.97    0    1
  329.0     35.0    -82.0     21.7    0.93    0    1
   56.0     83.0   -140.0     17.1    0.60    0    1
  280.0     68.0   -168.0     40.2    0.61    0    1
   85.0     62.0    159.0     78.4    0.91    0    1
  249.0     61.0   -136.0     11.5    0.80    0    1
  264.0     52.0   -129.0      0.7    0.90    0    1
  275.0     61.0   -149.0     23.8    0.78    0    1
  292.0     51.0   -127.0     31.0    0.91    0    1
   95.0     61.0    169.0     77.3    0.95    0    1
  295.0     17.0     -4.0     86.6    0.74    0    1
   93.0     60.0   -137.0     22.1    0.95    0    1
  236.0     48.0   -117.0     24.4    0.71    0    1
  277.0     55.0   -138.0     20.8    0.87    0    1
  260.0     76.0   -152.0     13.2    0.69    0    1
  287.0     73.0    167.0     69.5    0.42    0    1
  105.0     52.0   -119.0     17.5    1.00    0    1
  261.0     86.0   -149.0     38.6    0.66    0    1
  315.0     41.0   -118.0     47.2    0.99    0    1
  282.0     53.0   -145.0     35.3    0.89    0    1
  101.0     44.0    -96.0      7.2    0.95    0    1
  271.0     67.0   -129.0      9.7    0.70    0    1
  107.0     26.0     71.0    168.4    0.62    0    1
  105.0     41.0   -116.0     16.2    0.93    0    1
  105.0     42.0    -92.0      7.9    0.94    0    1
  224.0     85.0    146.0     31.5    0.40    0    1
  120.0     42.0    -70.0     18.4    0.95    0    1
   91.0     62.0    167.0     75.2    0.93    0    1
  308.0     41.0   -156.0     78.1    1.00    0    1
  251.0     61.0   -146.0      0.5    0.80    0    1
  131.0     29.0    -64.0     18.2    0.69    0    1
   74.0     54.0   -136.0     11.9    0.83    0    1
  246.0     65.0   -149.0      4.5    0.76    0    1
   90.0     13.0   -112.0     10.7    0.18    0    1
   93.0     56.0   -108.0      5.0    0.96    0    1
  177.0     85.0    161.0    178.7    0.60    0    1
  136.0     69.0   -119.0     54.1    0.85    0    1
  254.0     17.0   -101.0     22.0    0.62    0    1
  356.0     41.0    -54.0     12.1    0.74    0    1
  255.0     89.0   -169.0     23.9    0.70    0    1
  200.0     56.0   -121.0     32.9    0.29    0    1
   79.0     64.0    177.0     54.9    0.87    0    1
  281.0     54.0   -132.0     20.5    0.88    0    1
   72.0     73.0   -165.0     24.5    0.79    0    1
   94.0     68.0    167.0     73.8    0.88    0    1
  281.0     41.0    -82.0     24.1    0.99    0    1
  302.0     45.0    -90.0      6.3    0.98    0    1
  267.0     65.0   -141.0      1.3    0.76    0    1
  335.0     43.0    -59.0      6.4    0.93    0    1
  269.0     61.0   -136.0      3.7    0.80    0    1
  108.0     43.0    -81.0     16.8    0.96    0    1
   88.0     50.0   -125.0     10.8    0.93    0    1
  261.0     58.0   -132.0      4.4    0.85    0    1
  278.0     58.0   -129.0     10.7    0.82    0    1
  213.0     79.0    149.0     54.7    0.20    0    1
  294.0     81.0    164.0     66.1    0.11    0    1
  309.0     41.0   -137.0     60.2    1.00    0    1
  288.0     55.0   -134.0     31.4    0.85    0    1
  279.0     39.0   -162.0     54.5    0.99    0    1
  275.0     55.0   -162.0     42.5    0.87    0    1
  131.0     34.0    -79.0      2.4    0.80    0    1
  270.0     54.0   -134.0      9.8    0.89    0    1
  258.0     62.0   -150.0      6.7    0.81    0    1
   84.0     64.0   -161.0     36.3    0.90    0    1
   82.0     50.0   -131.0     13.0    0.88    0    1
   85.0     46.0   -125.0     10.4    0.88    0    1
   96.0     41.0   -124.0     17.8    0.89    0    1
   82.0     48.0   -104.0     13.1    0.87    0    1
   88.0     42.0    -85.0     26.6    0.86    0    1
  105.0     54.0   -100.0      1.9    1.00    0    1
  283.0     59.0   -134.0     21.8    0.78    0    1
  290.0     44.0    -96.0      1.3    0.99    0    1
  275.0     54.0   -169.0     50.2    0.89    0    1
  211.0     82.0    144.0     59.6    0.14    0    1
  316.0     49.0    -54.0     12.8    0.95    0    1
  231.0     62.0   -147.0      5.4    0.61    0    1
  103.0     45.0    -66.0     35.9    0.96    0    1
  296.0     40.0   -113.0     22.6    1.01    0    1
   39.0     42.0   -107.0     13.3    0.32    0    1
  263.0     84.0   -155.0     28.0    0.64    0    1
  113.0     36.0    -83.0     10.7    0.86    0    1
  122.0     26.0    -76.0     12.2    0.63    0    1
  127.0     41.0    -63.0     20.1    0.93    0    1
   84.0     55.0   -134.0     14.9    0.92    0    1
  284.0     44.0    -84.0     19.8    0.98    0    1
   90.0     59.0   -107.0      9.9    0.94    0    1
   18.0     59.0   -153.0    110.8    0.40    0    1
   20.0     78.0   -118.0     89.4    0.24    0    1
  142.0     44.0   -104.0     32.3    0.90    0    1
  220.0     13.0   -172.0     28.3    0.35    0    1
  331.0     25.0    -73.0     12.1    0.81    0    1
  280.0     47.0   -140.0     30.8    0.96    0    1
  248.0     52.0   -111.0     28.6    0.83    0    1
  108.0     44.0    -97.0      0.9    0.97    0    1
  269.0     43.0    -82.0     36.3    0.96    0    1
  321.0     51.0    -94.0     33.6    0.93    0    1
  254.0     83.0   -160.0     20.9    0.69    0    1
  145.0     36.0    -46.0     26.3    0.77    0    1
  263.0     59.0   -137.0      1.2    0.84    0    1
   91.0     87.0    163.0     46.4    0.61    0    1
  275.0     64.0   -159.0     30.0    0.73    0    1
  231.0     60.0   -137.0     13.5    0.62    0    1
  288.0     39.0   -111.0     12.4    1.00    0    1
  229.0     53.0   -137.0      7.8    0.61    0    1
  279.0     59.0   -133.0     15.1    0.80    0    1
  281.0     47.0   -106.0      2.1    0.96    0    1
  127.0     49.0   -160.0     78.1    0.99    0    1
  254.0     58.0   -145.0      3.5    0.84    0    1
  324.0     38.0    -90.0     26.5    0.97    0    1
  266.0     42.0   -128.0      7.5    0.95    0    1
  281.0     75.0   -126.0     17.2    0.45    0    1
   65.0     88.0   -138.0     25.7    0.68    0    1
  165.0     13.0   -160.0     60.7    0.14    0    1
  128.0     47.0   -140.0     58.6    0.98    0    1
   80.0     36.0    -92.0     21.9    0.70    0    1
  225.0     47.0   -120.0     20.6    0.57    0    1
  137.0     46.0    -60.0     14.6    0.94    0    1
  256.0     66.0   -158.0      8.1    0.78    0    1
  310.0     28.0    -85.0      7.3    0.93    0    1
  303.0     35.0    -62.0     21.6    1.00    0    1
  281.0     41.0    -75.0     31.1    0.99    0    1
  281.0     40.0   -132.0     26.2    0.99    0    1
  269.0     64.0   -121.0     15.2    0.76    0    1
  328.0     48.0    -53.0      2.5    0.94    0    1
  271.0     55.0   -167.0     43.0    0.88    0    1
  256.0     60.0   -141.0      1.3    0.83    0    1
  267.0     62.0   -133.0      2.6    0.80    0    1
  255.0     59.0   -155.0     13.1    0.83    0    1
  247.0     86.0   -162.0     24.4    0.69    0    1
  284.0     51.0   -141.0     34.8    0.92    0    1
  301.0     40.0    -95.0      9.8    1.01    0    1
   89.0     43.0   -103.0      8.2    0.88    0    1
  263.0     68.0   -138.0     10.1    0.74    0    1
  213.0     64.0   -122.0     13.8    0.31    0    1
  292.0     46.0    -80.0     15.3    0.97    0    1
  195.0     47.0   -130.0     48.4    0.34    0    1
  264.0     58.0   -141.0      7.2    0.85    0    1
  295.0     45.0    -88.0      3.7    0.98    0    1
   45.0     64.0   -163.0     35.0    0.43    0    1
  249.0     59.0   -125.0     20.4    0.81    0    1
  113.0     43.0    -94.0      0.1    0.96    0    1
  321.0     43.0    -59.0      5.4    0.98    0    1
  293.0     43.0    -76.0     17.8    1.00    0    1
  126.0     28.0   -154.0     68.5    0.68    0    1
  263.0     51.0   -160.0     31.6    0.91    0    1
  268.0     66.0   -135.0      5.3    0.74    0    1
   57.0     61.0   -151.0     18.8    0.63    0    1
  291.0     43.0    -73.0     23.0    0.99    0    1
  297.0     40.0    -91.0      1.6    1.01    0    1
  134.0     46.0    -67.0      9.9    0.96    0    1
  259.0     63.0   -146.0      2.2    0.80    0    1
  276.0     55.0   -161.0     42.6    0.87    0    1
  296.0     42.0    -73.0     17.5    1.00    0    1
   94.0     50.0   -124.0     14.0    0.96    0    1
  259.0     79.0   -145.0     26.9    0.68    0    1
  293.0     46.0   -128.0     33.9    0.97    0    1
   93.0     46.0   -121.0     11.5    0.93    0    1
  264.0     52.0   -126.0      2.3    0.90    0    1
   90.0     48.0   -135.0     22.8    0.93    0    1
  241.0     71.0   -157.0      5.6    0.69    0    1
  294.0      4.0    -65.0     25.3    0.36    0    1
  204.0     68.0    143.0    121.9    0.21    0    1
  268.0     38.0   -143.0     25.9    0.95    0    1
  302.0     28.0    -96.0     11.2    0.94    0    1
  230.0     86.0    141.0     33.8    0.50    0    1
  258.0     79.0   -180.0      7.8    0.69    0    1
  270.0     71.0   -167.0     19.6    0.65    0    1
  262.0     60.0   -128.0      9.7    0.83    0    1
   75.0     82.0   -155.0      3.9    0.74    0    1
  144.0     57.0   -142.0     77.1    0.94    0    1
   64.0     48.0   -134.0     10.5    0.67    0    1
  328.0     34.0    -52.0      9.4    0.93    0    1
   69.0     56.0   -134.0      6.8    0.78    0    1
  134.0     38.0   -147.0     68.4    0.86    0    1
  270.0     73.0   -151.0      0.9    0.63    0    1
  289.0     35.0    -77.0     20.1    1.00    0    1
  279.0     57.0   -118.0      1.8    0.83    0    1
  286.0     56.0   -126.0     20.1    0.84    0    1
  305.0     46.0    -55.0     25.2    0.98    0    1
  286.0     74.0    144.0     87.0    0.41    0    1
  254.0     63.0   -142.0      5.1    0.80    0    1
   59.0     51.0   -145.0     19.8    0.62    0    1
  252.0     88.0    147.0     22.5    0.70    0    1
  221.0     84.0    154.0     26.4    0.34    0    1
  288.0     39.0   -107.0      8.4    1.00    0    1
  243.0     81.0   -154.0     23.7    0.67    0    1
  177.0      7.0      1.0    174.2    0.13    0    1
  277.0     37.0    -44.0     64.8    0.98    0    1
  294.0     75.0   -111.0      7.6    0.30    0    1
  302.0     51.0    -47.0     35.9    0.92    0    1
  130.0     36.0    -95.0     13.3    0.84    0    1
  264.0     54.0   -128.0      2.0    0.89    0    1
   63.0     38.0    -91.0     27.2    0.55    0    1
   61.0     70.0   -135.0      5.5    0.69    0    1
   68.0     49.0   -110.0     13.4    0.73    0    1
   76.0     55.0   -167.0     43.3    0.85    0    1
  297.0     30.0    -86.0      3.3    0.97    0    1
  329.0     30.0    -75.0     13.4    0.89    0    1
  292.0     46.0   -134.0     38.7    0.97    0    1
  328.0     52.0   -113.0     60.1    0.92    0    1
  246.0     59.0   -144.0      2.8    0.79    0    1
  284.0     52.0   -130.0     23.3    0.90    0    1
  311.0     25.0    -63.0     14.1    0.89    0    1
  295.0     42.0    -75.0     16.6    1.00    0    1
  293.0     56.0   -125.0     29.4    0.83    0    1
  106.0     33.0    -82.0     16.4    0.79    0    1
   71.0     39.0   -115.0      3.0    0.66    0    1
  281.0     57.0   -134.0     20.5    0.83    0    1
  287.0     46.0   -149.0     48.0    0.97    0    1
   86.0     43.0   -132.0     19.0    0.85    0    1
  276.0     63.0   -136.0      9.6    0.74    0    1
  126.0     42.0    -95.0     11.2    0.94    0    1
  205.0     25.0    124.0    107.6    0.30    0    1

fit angle mean= 30.931946 standard deviation= 33.142839
avg tau= 0.755754 , std. dev.= 0.223876
